Start testing: Mar 22 20:51 CET
----------------------------------------------------------
1/10 Testing: OpenDaVINCITestSuite
1/10 Test: OpenDaVINCITestSuite
Command: "/home/msv/2013-mini-smart-vehicles/group-5/sources/OpenDaVINCI-msv/libopendavinci/OpenDaVINCITestSuite"
Directory: /home/msv/2013-mini-smart-vehicles/group-5/sources/OpenDaVINCI-msv/libopendavinci
"OpenDaVINCITestSuite" start time: Mar 22 20:51 CET
Output:
----------------------------------------------------------
Cleaning up regular removal queue... 0x8611728 done.
Cleaning up final removal queue... 0x8611738 done.
No runtime frequency set. Assuming a frequency of 1 Hz.
No runtime frequency set. Assuming a frequency of 1 Hz.
No runtime frequency set. Assuming a frequency of 1 Hz.
The conference group id has to be in range [2, 254].
No runtime frequency set. Assuming a frequency of 1 Hz.
No runtime frequency set. Assuming a frequency of 1 Hz.
No runtime frequency set. Assuming a frequency of 1 Hz.
Creating multicast UDP receiver at 225.0.0.200:12175.
ControlledContainerConferenceForSystemUnderTest: 225.0.0.200:12175
Distributing 'TimeStamp' in ControlledContainerConferenceFactory to all ContainerConferences from Systems Under Test.
Distributing 'TimeStamp' in ControlledContainerConferenceFactory to all SystemParts.
Sending 'TimeStamp' in ControlledContainerConferenceForSystemUnderTest.
Distributing 'TimeStamp' in ControlledContainerConferenceFactory to all SystemParts.
Distributing 'TimeStamp' in ControlledContainerConferenceFactory to all ContainerConferences from Systems Under Test.
ControlledContainerConferenceForSystemUnderTest: testControlledContainerFactoryTestSuite:12175
Creating multicast UDP receiver at 225.0.0.100:19750.
No runtime frequency set. Assuming a frequency of 1 Hz.
ControlledContainerConferenceForSystemUnderTest: 225.0.0.100:12175
Creating multicast UDP receiver at 225.0.0.100:19751.
(ClientModule) discovering supercomponent...
(ClientModule) discovering supercomponent...
(DMCP-DiscovererServer) responding to DMCP_DISCOVER
(DMCP-DiscovererServer) responding to DMCP_DISCOVER
(ClientModule) supercomponent found at IP: 10.0.2.15, Port: 19000
(ClientModule) connecting to supercomponent...
(DMCP-ConnectionClient) sending configuration request...IP: 10.0.2.15, Port: 19000
(DMCP-Client) Received Configuration
controlflowtestapp.key=value

(ClientModule) connecting to supercomponent...done
Do some computation.
Distributing 'TimeStamp' in ControlledContainerConferenceFactory to all ContainerConferences from Systems Under Test.
Distributing 'TimeStamp' in ControlledContainerConferenceFactory to all SystemParts.
ControlFlowTestApp received '0s/1us.'
Sending 'undefined data' in ControlledContainerConferenceForSystemUnderTest.
Distributing 'undefined data' in ControlledContainerConferenceFactory to all SystemParts.
Distributing 'undefined data' in ControlledContainerConferenceFactory to all ContainerConferences from Systems Under Test.
Do some computation.
Distributing 'TimeStamp' in ControlledContainerConferenceFactory to all ContainerConferences from Systems Under Test.
Distributing 'TimeStamp' in ControlledContainerConferenceFactory to all SystemParts.
ControlFlowTestApp received '1s/2us.'
Sending 'undefined data' in ControlledContainerConferenceForSystemUnderTest.
Distributing 'undefined data' in ControlledContainerConferenceFactory to all SystemParts.
Distributing 'undefined data' in ControlledContainerConferenceFactory to all ContainerConferences from Systems Under Test.
Do some computation.
Distributing 'TimeStamp' in ControlledContainerConferenceFactory to all ContainerConferences from Systems Under Test.
Distributing 'TimeStamp' in ControlledContainerConferenceFactory to all SystemParts.
ControlFlowTestApp received '2s/3us.'
Sending 'undefined data' in ControlledContainerConferenceForSystemUnderTest.
Distributing 'undefined data' in ControlledContainerConferenceFactory to all SystemParts.
Distributing 'undefined data' in ControlledContainerConferenceFactory to all ContainerConferences from Systems Under Test.
Do some computation.
Distributing 'TimeStamp' in ControlledContainerConferenceFactory to all ContainerConferences from Systems Under Test.
Distributing 'TimeStamp' in ControlledContainerConferenceFactory to all SystemParts.
ControlFlowTestApp received '3s/4us.'
Sending 'undefined data' in ControlledContainerConferenceForSystemUnderTest.
Distributing 'undefined data' in ControlledContainerConferenceFactory to all SystemParts.
Distributing 'undefined data' in ControlledContainerConferenceFactory to all ContainerConferences from Systems Under Test.
Do some computation.
Distributing 'TimeStamp' in ControlledContainerConferenceFactory to all ContainerConferences from Systems Under Test.
Distributing 'TimeStamp' in ControlledContainerConferenceFactory to all SystemParts.
Received: 9 container.
c'tor.
d'tor.

c'tor.
d'tor.

c'tor.
d'tor.

c'tor.
d'tor.

c'tor.

d'tor.
c'tor.

d'tor.
c'tor.
c'tor.
c'tor.
c'tor.

d'tor.
d'tor.
d'tor.
d'tor.
c'tor.
c'tor.
c'tor.
c'tor.
d'tor.
d'tor.
d'tor.
d'tor.

ConditionTest::testLocking

ConditionTest::testWakeOne
A
A
B
C
D
B
C
D
E
E

ConditionTest::testWakeAll
A
1
A
2
3
3.1
B
C
B
C
D
D
3.2
4
E
E

ConditionTest::testTimeCondition

TCPAcceptorTestsuite::testAccept using NetworkLibraryPosix

TCPAcceptorTestsuite::testMultipleAccept using NetworkLibraryPosix

TCPAcceptorTestsuite::testNoAccept using NetworkLibraryPosix
Test:

TCPConnectionTestSuite::testTransfer using NetworkLibraryPosix
Sending from connected to accepted TCPConnection...
Sending from accepted to connected TCPConnection...

TCPConnectionTestSuite::testError using NetworkLibraryPosix

TCPConnectionTestSuite::testNoGathering

TCPConnectionTestSuite::testGathering

TCPConnectionTestSuite::testMixedGathering
(context::base::RuntimeControl) setup...
(context::base::SuperComponent) Server information: IP: 127.0.0.1, Port: 19855
(context::base::SuperComponent) Creating discoverer server...
Creating multicast UDP receiver at 225.0.0.100:19750.
(context::base::SuperComponent) Creating connection server...
(context::base::SuperComponent) Creating ContainerConference...
Creating multicast UDP receiver at 225.0.0.100:12175.
(context::base::RuntimeControl) setup done.
(context::base::RuntimeControl) Taking control...
No runtime frequency set. Assuming a frequency of 1 Hz.
ControlledContainerConferenceForSystemUnderTest: 225.0.0.100:12175
(context::base::RuntimeControl) greatest common divisor: 1000ms.
------------------------------------------------------------------------------
Time 0.0
[SFC] at 0.0
Call to RuntimeControlTestDummySystemPart for t = 0.0, containing 0 containers.
[APP] at 0.0
Creating multicast UDP receiver at 225.0.0.100:19751.
(ClientModule) discovering supercomponent...
(DMCP-DiscovererServer) responding to DMCP_DISCOVER
(ClientModule) supercomponent found at IP: 10.0.2.15, Port: 19855
(ClientModule) connecting to supercomponent...
(context::base::SuperComponent) Got new connection from []
(DMCP-ConnectionClient) sending configuration request...IP: 10.0.2.15, Port: 19855
(DMCP-Client) Received Configuration
runtimecontroltestmodule.key1=value1

(ClientModule) connecting to supercomponent...done
------------------------------------------------------------------------------
Time 1.0
[SFC] at 1.0
Call to RuntimeControlTestDummySystemPart for t = 1.0, containing 0 containers.
[APP] at 1.0
------------------------------------------------------------------------------
Time 2.0
[SFC] at 2.0
Call to RuntimeControlTestDummySystemPart for t = 2.0, containing 0 containers.
[APP] at 2.0
------------------------------------------------------------------------------
Time 3.0
[SFC] at 3.0
Call to RuntimeControlTestDummySystemPart for t = 3.0, containing 0 containers.
[APP] at 3.0
------------------------------------------------------------------------------
Time 4.0
[SFC] at 4.0
Call to RuntimeControlTestDummySystemPart for t = 4.0, containing 0 containers.
[APP] at 4.0
------------------------------------------------------------------------------
Time 5.0
[SFC] at 5.0
Call to RuntimeControlTestDummySystemPart for t = 5.0, containing 0 containers.
[APP] at 5.0
------------------------------------------------------------------------------
Time 6.0
[SFC] at 6.0
Call to RuntimeControlTestDummySystemPart for t = 6.0, containing 0 containers.
[APP] at 6.0
------------------------------------------------------------------------------
Time 7.0
[SFC] at 7.0
Call to RuntimeControlTestDummySystemPart for t = 7.0, containing 0 containers.
[APP] at 7.0
------------------------------------------------------------------------------
Time 8.0
[SFC] at 8.0
Call to RuntimeControlTestDummySystemPart for t = 8.0, containing 0 containers.
[APP] at 8.0
------------------------------------------------------------------------------
Time 9.0
[SFC] at 9.0
Call to RuntimeControlTestDummySystemPart for t = 9.0, containing 0 containers.
[APP] at 9.0
(context::base::RuntimeControl) The specified overall timeout was to small! There are still schedulable applications available.
(context::base::RuntimeControl) tearDown...
(context::base::RuntimeControl) done.
(context::base::RuntimeControl) setup...
(context::base::SuperComponent) Server information: IP: 127.0.0.1, Port: 19855
(context::base::SuperComponent) Creating discoverer server...
Creating multicast UDP receiver at 225.0.0.100:19750.
(context::base::SuperComponent) Creating connection server...
(context::base::SuperComponent) Creating ContainerConference...
Creating multicast UDP receiver at 225.0.0.100:12175.
(context::base::RuntimeControl) setup done.
(context::base::RuntimeControl) Taking control...
No runtime frequency set. Assuming a frequency of 1 Hz.
ControlledContainerConferenceForSystemUnderTest: 225.0.0.100:12175
(context::base::RuntimeControl) greatest common divisor: 1000ms.
------------------------------------------------------------------------------
Time 0.0
[SFC] at 0.0
Call to RuntimeControlTestDummySystemPart for t = 0.0, containing 0 containers.
[APP] at 0.0
Creating multicast UDP receiver at 225.0.0.100:19751.
(ClientModule) discovering supercomponent...
(ClientModule) discovering supercomponent...
(DMCP-DiscovererServer) responding to DMCP_DISCOVER
(DMCP-DiscovererServer) responding to DMCP_DISCOVER
(ClientModule) supercomponent found at IP: 10.0.2.15, Port: 19855
(ClientModule) connecting to supercomponent...
(context::base::SuperComponent) Got new connection from []
(DMCP-ConnectionClient) sending configuration request...IP: 10.0.2.15, Port: 19855
(DMCP-Client) Received Configuration
runtimecontroltestmodule.key1=value1
runtimecontroltestmodule.key2=value2

(ClientModule) connecting to supercomponent...done
------------------------------------------------------------------------------
Time 1.0
[SFC] at 1.0
Call to RuntimeControlTestDummySystemPart for t = 1.0, containing 0 containers.
[APP] at 1.0
------------------------------------------------------------------------------
Time 2.0
[SFC] at 2.0
Call to RuntimeControlTestDummySystemPart for t = 2.0, containing 0 containers.
[APP] at 2.0
------------------------------------------------------------------------------
Time 3.0
[SFC] at 3.0
Call to RuntimeControlTestDummySystemPart for t = 3.0, containing 0 containers.
[APP] at 3.0
------------------------------------------------------------------------------
Time 4.0
[SFC] at 4.0
Call to RuntimeControlTestDummySystemPart for t = 4.0, containing 0 containers.
[APP] at 4.0
------------------------------------------------------------------------------
Time 5.0
[SFC] at 5.0
Call to RuntimeControlTestDummySystemPart for t = 5.0, containing 0 containers.
[APP] at 5.0
------------------------------------------------------------------------------
Time 6.0
[SFC] at 6.0
Call to RuntimeControlTestDummySystemPart for t = 6.0, containing 0 containers.
[APP] at 6.0
------------------------------------------------------------------------------
Time 7.0
[SFC] at 7.0
Call to RuntimeControlTestDummySystemPart for t = 7.0, containing 0 containers.
[APP] at 7.0
------------------------------------------------------------------------------
Time 8.0
[SFC] at 8.0
Call to RuntimeControlTestDummySystemPart for t = 8.0, containing 0 containers.
[APP] at 8.0
------------------------------------------------------------------------------
Time 9.0
[SFC] at 9.0
Call to RuntimeControlTestDummySystemPart for t = 9.0, containing 0 containers.
[APP] at 9.0
(context::base::RuntimeControl) The specified overall timeout was to small! There are still schedulable applications available.
(context::base::RuntimeControl) tearDown...
(context::base::RuntimeControl) done.
(context::base::RuntimeControl) setup...
(context::base::SuperComponent) Server information: IP: 127.0.0.1, Port: 19855
(context::base::SuperComponent) Creating discoverer server...
Creating multicast UDP receiver at 225.0.0.100:19750.
(context::base::SuperComponent) Creating connection server...
(context::base::SuperComponent) Creating ContainerConference...
Creating multicast UDP receiver at 225.0.0.100:12175.
(context::base::RuntimeControl) setup done.
(context::base::RuntimeControl) Taking control...
No runtime frequency set. Assuming a frequency of 1 Hz.
ControlledContainerConferenceForSystemUnderTest: 225.0.0.100:12175
(context::base::RuntimeControl) greatest common divisor: 1000ms.
------------------------------------------------------------------------------
Time 0.0
[SFC] at 0.0
Call to RuntimeControlTestDummySystemPart for t = 0.0, containing 0 containers.
[APP] at 0.0
Creating multicast UDP receiver at 225.0.0.100:19751.
(ClientModule) discovering supercomponent...
(DMCP-DiscovererServer) responding to DMCP_DISCOVER
(ClientModule) supercomponent found at IP: 10.0.2.15, Port: 19855
(ClientModule) connecting to supercomponent...
(context::base::SuperComponent) Got new connection from []
(DMCP-ConnectionClient) sending configuration request...IP: 10.0.2.15, Port: 19855
(DMCP-Client) Received Configuration

(ClientModule) connecting to supercomponent...done
ValueForKeyNotFoundException: Value for key 'runtimecontroltestmodule.key1' not found. at /home/msv/2013-mini-smart-vehicles/group-5/sources/OpenDaVINCI-msv/libopendavinci/include/core/base/KeyValueConfiguration.h: 97
(context::base::RuntimeControl) Exception occurred: ModulesNotRespondingException: RuntimeControlTestModule is not responding after 15s.
 at /home/msv/2013-mini-smart-vehicles/group-5/sources/OpenDaVINCI-msv/libopendavinci/src/context/base/ConferenceClientModuleRunner.cpp: 73
(context::base::RuntimeControl) tearDown...
(context::base::RuntimeControl) done.
No runtime frequency set. Assuming a frequency of 1 Hz.
Creating multicast UDP receiver at 225.0.0.100:12175.
(context::base::RuntimeControl) setup(...) was not called! Aborting...
(context::base::RuntimeControl) tearDown...
(context::base::RuntimeControl) done.
Is: 140580208, Should: 0
Is: 42, Should: 1
Is: 140914540, Should: 2
Is: 136615408, Should: 3
Is: 2405181686, Should: 4
Is: 3216110840, Should: 5
Is: 135185296, Should: 6
Is: 140580568, Should: 7
Is: 136549152, Should: 8
Is: 140749236, Should: 9
(context::base::RuntimeControl) setup...
(context::base::SuperComponent) Server information: IP: 127.0.0.1, Port: 19855
(context::base::SuperComponent) Creating discoverer server...
Creating multicast UDP receiver at 225.0.0.100:19750.
(context::base::SuperComponent) Creating connection server...
(context::base::SuperComponent) Creating ContainerConference...
Creating multicast UDP receiver at 225.0.0.100:12175.
(context::base::RuntimeControl) setup done.
(context::base::RuntimeControl) Taking control...
No runtime frequency set. Assuming a frequency of 1 Hz.
ControlledContainerConferenceForSystemUnderTest: 225.0.0.100:12175
No runtime frequency set. Assuming a frequency of 1 Hz.
ControlledContainerConferenceForSystemUnderTest: 225.0.0.100:12175
(context::base::RuntimeControl) greatest common divisor: 1000ms.
------------------------------------------------------------------------------
Time 0.0
[SFC] at 0.0
Call to RuntimeControlContainerMultipleAppsTestSystemPartReply for t = 0.0, containing 0 containers.
Distributing 'Position' in ControlledContainerConferenceFactory to all ContainerConferences from Systems Under Test.
Distributing 'Position' in ControlledContainerConferenceFactory to all SystemParts.
[SRC] at 0.0
Call to RuntimeControlContainerMultipleAppsTestSystemReportingComponent for t = 0.0, containing 1 containers.
[SRC] at 0.0
Call to RuntimeControlContainerMultipleAppsTestSystemReportingComponent for t = 0.0, containing 1 containers.
[APP] at 0.0
Creating multicast UDP receiver at 225.0.0.100:19751.
(ClientModule) discovering supercomponent...
(DMCP-DiscovererServer) responding to DMCP_DISCOVER
(ClientModule) supercomponent found at IP: 10.0.2.15, Port: 19855
(ClientModule) connecting to supercomponent...
(context::base::SuperComponent) Got new connection from []
(DMCP-ConnectionClient) sending configuration request...IP: 10.0.2.15, Port: 19855
(DMCP-Client) Received Configuration
runtimecontrolcontainermultipleappstestmodule.key1=value1

(ClientModule) connecting to supercomponent...done
[SRC] at 0.0
Call to RuntimeControlContainerMultipleAppsTestSystemReportingComponent for t = 0.0, containing 0 containers.
[SRC] at 0.0
Call to RuntimeControlContainerMultipleAppsTestSystemReportingComponent for t = 0.0, containing 0 containers.
[APP] at 0.0
Creating multicast UDP receiver at 225.0.0.100:19751.
(ClientModule) discovering supercomponent...
(DMCP-DiscovererServer) responding to DMCP_DISCOVER
(ClientModule) supercomponent found at IP: 10.0.2.15, Port: 19855
(ClientModule) connecting to supercomponent...
(context::base::SuperComponent) Got new connection from []
(DMCP-ConnectionClient) sending configuration request...IP: 10.0.2.15, Port: 19855
(DMCP-Client) Received Configuration
runtimecontrolcontainermultipleappstestmodule.key1=value1

(ClientModule) connecting to supercomponent...done
[SRC] at 0.0
Call to RuntimeControlContainerMultipleAppsTestSystemReportingComponent for t = 0.0, containing 0 containers.
[SRC] at 0.0
Call to RuntimeControlContainerMultipleAppsTestSystemReportingComponent for t = 0.0, containing 0 containers.
------------------------------------------------------------------------------
Time 1.0
[SFC] at 1.0
Call to RuntimeControlContainerMultipleAppsTestSystemPartReply for t = 1.0, containing 1 containers.
(RuntimeControlContainerMultipleAppsTestSystemPartReply) Sent at 0s/0us., Received at 0s/0us.
Distributing 'Position' in ControlledContainerConferenceFactory to all ContainerConferences from Systems Under Test.
Distributing 'Position' in ControlledContainerConferenceFactory to all SystemParts.
[SRC] at 1.0
Call to RuntimeControlContainerMultipleAppsTestSystemReportingComponent for t = 1.0, containing 1 containers.
[SRC] at 1.0
Call to RuntimeControlContainerMultipleAppsTestSystemReportingComponent for t = 1.0, containing 1 containers.
[APP] at 1.0
Sending 'undefined data' in ControlledContainerConferenceForSystemUnderTest.
Distributing 'undefined data' in ControlledContainerConferenceFactory to all SystemParts.
Distributing 'undefined data' in ControlledContainerConferenceFactory to all ContainerConferences from Systems Under Test.
[SRC] at 1.0
Call to RuntimeControlContainerMultipleAppsTestSystemReportingComponent for t = 1.0, containing 1 containers.
[SRC] at 1.0
Call to RuntimeControlContainerMultipleAppsTestSystemReportingComponent for t = 1.0, containing 1 containers.
[APP] at 1.0
Sending 'undefined data' in ControlledContainerConferenceForSystemUnderTest.
Distributing 'undefined data' in ControlledContainerConferenceFactory to all SystemParts.
Distributing 'undefined data' in ControlledContainerConferenceFactory to all ContainerConferences from Systems Under Test.
[SRC] at 1.0
Call to RuntimeControlContainerMultipleAppsTestSystemReportingComponent for t = 1.0, containing 1 containers.
[SRC] at 1.0
Call to RuntimeControlContainerMultipleAppsTestSystemReportingComponent for t = 1.0, containing 1 containers.
------------------------------------------------------------------------------
Time 2.0
[SFC] at 2.0
Call to RuntimeControlContainerMultipleAppsTestSystemPartReply for t = 2.0, containing 3 containers.
(RuntimeControlContainerMultipleAppsTestSystemPartReply) Sent at 1s/0us., Received at 1s/0us.
(RuntimeControlContainerMultipleAppsTestSystemPartReply) Sent at 1s/0us., Received at 1s/0us.
(RuntimeControlContainerMultipleAppsTestSystemPartReply) Sent at 1s/0us., Received at 1s/0us.
Distributing 'Position' in ControlledContainerConferenceFactory to all ContainerConferences from Systems Under Test.
Distributing 'Position' in ControlledContainerConferenceFactory to all SystemParts.
[SRC] at 2.0
Call to RuntimeControlContainerMultipleAppsTestSystemReportingComponent for t = 2.0, containing 1 containers.
[SRC] at 2.0
Call to RuntimeControlContainerMultipleAppsTestSystemReportingComponent for t = 2.0, containing 1 containers.
[APP] at 2.0
Sending 'undefined data' in ControlledContainerConferenceForSystemUnderTest.
Distributing 'undefined data' in ControlledContainerConferenceFactory to all SystemParts.
Distributing 'undefined data' in ControlledContainerConferenceFactory to all ContainerConferences from Systems Under Test.
[SRC] at 2.0
Call to RuntimeControlContainerMultipleAppsTestSystemReportingComponent for t = 2.0, containing 1 containers.
[SRC] at 2.0
Call to RuntimeControlContainerMultipleAppsTestSystemReportingComponent for t = 2.0, containing 1 containers.
[APP] at 2.0
Sending 'undefined data' in ControlledContainerConferenceForSystemUnderTest.
Distributing 'undefined data' in ControlledContainerConferenceFactory to all SystemParts.
Distributing 'undefined data' in ControlledContainerConferenceFactory to all ContainerConferences from Systems Under Test.
[SRC] at 2.0
Call to RuntimeControlContainerMultipleAppsTestSystemReportingComponent for t = 2.0, containing 1 containers.
[SRC] at 2.0
Call to RuntimeControlContainerMultipleAppsTestSystemReportingComponent for t = 2.0, containing 1 containers.
------------------------------------------------------------------------------
Time 3.0
[SFC] at 3.0
Call to RuntimeControlContainerMultipleAppsTestSystemPartReply for t = 3.0, containing 3 containers.
(RuntimeControlContainerMultipleAppsTestSystemPartReply) Sent at 2s/0us., Received at 2s/0us.
(RuntimeControlContainerMultipleAppsTestSystemPartReply) Sent at 2s/0us., Received at 2s/0us.
(RuntimeControlContainerMultipleAppsTestSystemPartReply) Sent at 2s/0us., Received at 2s/0us.
Distributing 'Position' in ControlledContainerConferenceFactory to all ContainerConferences from Systems Under Test.
Distributing 'Position' in ControlledContainerConferenceFactory to all SystemParts.
[SRC] at 3.0
Call to RuntimeControlContainerMultipleAppsTestSystemReportingComponent for t = 3.0, containing 1 containers.
[SRC] at 3.0
Call to RuntimeControlContainerMultipleAppsTestSystemReportingComponent for t = 3.0, containing 1 containers.
[APP] at 3.0
Sending 'undefined data' in ControlledContainerConferenceForSystemUnderTest.
Distributing 'undefined data' in ControlledContainerConferenceFactory to all SystemParts.
Distributing 'undefined data' in ControlledContainerConferenceFactory to all ContainerConferences from Systems Under Test.
[SRC] at 3.0
Call to RuntimeControlContainerMultipleAppsTestSystemReportingComponent for t = 3.0, containing 1 containers.
[SRC] at 3.0
Call to RuntimeControlContainerMultipleAppsTestSystemReportingComponent for t = 3.0, containing 1 containers.
[APP] at 3.0
Sending 'undefined data' in ControlledContainerConferenceForSystemUnderTest.
Distributing 'undefined data' in ControlledContainerConferenceFactory to all SystemParts.
Distributing 'undefined data' in ControlledContainerConferenceFactory to all ContainerConferences from Systems Under Test.
[SRC] at 3.0
Call to RuntimeControlContainerMultipleAppsTestSystemReportingComponent for t = 3.0, containing 1 containers.
[SRC] at 3.0
Call to RuntimeControlContainerMultipleAppsTestSystemReportingComponent for t = 3.0, containing 1 containers.
------------------------------------------------------------------------------
Time 4.0
[SFC] at 4.0
Call to RuntimeControlContainerMultipleAppsTestSystemPartReply for t = 4.0, containing 3 containers.
(RuntimeControlContainerMultipleAppsTestSystemPartReply) Sent at 3s/0us., Received at 3s/0us.
(RuntimeControlContainerMultipleAppsTestSystemPartReply) Sent at 3s/0us., Received at 3s/0us.
(RuntimeControlContainerMultipleAppsTestSystemPartReply) Sent at 3s/0us., Received at 3s/0us.
Distributing 'Position' in ControlledContainerConferenceFactory to all ContainerConferences from Systems Under Test.
Distributing 'Position' in ControlledContainerConferenceFactory to all SystemParts.
[SRC] at 4.0
Call to RuntimeControlContainerMultipleAppsTestSystemReportingComponent for t = 4.0, containing 1 containers.
[SRC] at 4.0
Call to RuntimeControlContainerMultipleAppsTestSystemReportingComponent for t = 4.0, containing 1 containers.
[APP] at 4.0
Sending 'undefined data' in ControlledContainerConferenceForSystemUnderTest.
Distributing 'undefined data' in ControlledContainerConferenceFactory to all SystemParts.
Distributing 'undefined data' in ControlledContainerConferenceFactory to all ContainerConferences from Systems Under Test.
[SRC] at 4.0
Call to RuntimeControlContainerMultipleAppsTestSystemReportingComponent for t = 4.0, containing 1 containers.
[SRC] at 4.0
Call to RuntimeControlContainerMultipleAppsTestSystemReportingComponent for t = 4.0, containing 1 containers.
[APP] at 4.0
Sending 'undefined data' in ControlledContainerConferenceForSystemUnderTest.
Distributing 'undefined data' in ControlledContainerConferenceFactory to all SystemParts.
Distributing 'undefined data' in ControlledContainerConferenceFactory to all ContainerConferences from Systems Under Test.
[SRC] at 4.0
Call to RuntimeControlContainerMultipleAppsTestSystemReportingComponent for t = 4.0, containing 1 containers.
[SRC] at 4.0
Call to RuntimeControlContainerMultipleAppsTestSystemReportingComponent for t = 4.0, containing 1 containers.
------------------------------------------------------------------------------
Time 5.0
[SFC] at 5.0
Call to RuntimeControlContainerMultipleAppsTestSystemPartReply for t = 5.0, containing 3 containers.
(RuntimeControlContainerMultipleAppsTestSystemPartReply) Sent at 4s/0us., Received at 4s/0us.
(RuntimeControlContainerMultipleAppsTestSystemPartReply) Sent at 4s/0us., Received at 4s/0us.
(RuntimeControlContainerMultipleAppsTestSystemPartReply) Sent at 4s/0us., Received at 4s/0us.
Distributing 'Position' in ControlledContainerConferenceFactory to all ContainerConferences from Systems Under Test.
Distributing 'Position' in ControlledContainerConferenceFactory to all SystemParts.
[SRC] at 5.0
Call to RuntimeControlContainerMultipleAppsTestSystemReportingComponent for t = 5.0, containing 1 containers.
[SRC] at 5.0
Call to RuntimeControlContainerMultipleAppsTestSystemReportingComponent for t = 5.0, containing 1 containers.
[APP] at 5.0
Sending 'undefined data' in ControlledContainerConferenceForSystemUnderTest.
Distributing 'undefined data' in ControlledContainerConferenceFactory to all SystemParts.
Distributing 'undefined data' in ControlledContainerConferenceFactory to all ContainerConferences from Systems Under Test.
[SRC] at 5.0
Call to RuntimeControlContainerMultipleAppsTestSystemReportingComponent for t = 5.0, containing 1 containers.
[SRC] at 5.0
Call to RuntimeControlContainerMultipleAppsTestSystemReportingComponent for t = 5.0, containing 1 containers.
[APP] at 5.0
Sending 'undefined data' in ControlledContainerConferenceForSystemUnderTest.
Distributing 'undefined data' in ControlledContainerConferenceFactory to all SystemParts.
Distributing 'undefined data' in ControlledContainerConferenceFactory to all ContainerConferences from Systems Under Test.
[SRC] at 5.0
Call to RuntimeControlContainerMultipleAppsTestSystemReportingComponent for t = 5.0, containing 1 containers.
[SRC] at 5.0
Call to RuntimeControlContainerMultipleAppsTestSystemReportingComponent for t = 5.0, containing 1 containers.
------------------------------------------------------------------------------
Time 6.0
[SFC] at 6.0
Call to RuntimeControlContainerMultipleAppsTestSystemPartReply for t = 6.0, containing 3 containers.
(RuntimeControlContainerMultipleAppsTestSystemPartReply) Sent at 5s/0us., Received at 5s/0us.
(RuntimeControlContainerMultipleAppsTestSystemPartReply) Sent at 5s/0us., Received at 5s/0us.
(RuntimeControlContainerMultipleAppsTestSystemPartReply) Sent at 5s/0us., Received at 5s/0us.
Distributing 'Position' in ControlledContainerConferenceFactory to all ContainerConferences from Systems Under Test.
Distributing 'Position' in ControlledContainerConferenceFactory to all SystemParts.
[SRC] at 6.0
Call to RuntimeControlContainerMultipleAppsTestSystemReportingComponent for t = 6.0, containing 1 containers.
[SRC] at 6.0
Call to RuntimeControlContainerMultipleAppsTestSystemReportingComponent for t = 6.0, containing 1 containers.
[APP] at 6.0
Sending 'undefined data' in ControlledContainerConferenceForSystemUnderTest.
Distributing 'undefined data' in ControlledContainerConferenceFactory to all SystemParts.
Distributing 'undefined data' in ControlledContainerConferenceFactory to all ContainerConferences from Systems Under Test.
[SRC] at 6.0
Call to RuntimeControlContainerMultipleAppsTestSystemReportingComponent for t = 6.0, containing 1 containers.
[SRC] at 6.0
Call to RuntimeControlContainerMultipleAppsTestSystemReportingComponent for t = 6.0, containing 1 containers.
[APP] at 6.0
Sending 'undefined data' in ControlledContainerConferenceForSystemUnderTest.
Distributing 'undefined data' in ControlledContainerConferenceFactory to all SystemParts.
Distributing 'undefined data' in ControlledContainerConferenceFactory to all ContainerConferences from Systems Under Test.
[SRC] at 6.0
Call to RuntimeControlContainerMultipleAppsTestSystemReportingComponent for t = 6.0, containing 1 containers.
[SRC] at 6.0
Call to RuntimeControlContainerMultipleAppsTestSystemReportingComponent for t = 6.0, containing 1 containers.
------------------------------------------------------------------------------
Time 7.0
[SFC] at 7.0
Call to RuntimeControlContainerMultipleAppsTestSystemPartReply for t = 7.0, containing 3 containers.
(RuntimeControlContainerMultipleAppsTestSystemPartReply) Sent at 6s/0us., Received at 6s/0us.
(RuntimeControlContainerMultipleAppsTestSystemPartReply) Sent at 6s/0us., Received at 6s/0us.
(RuntimeControlContainerMultipleAppsTestSystemPartReply) Sent at 6s/0us., Received at 6s/0us.
Distributing 'Position' in ControlledContainerConferenceFactory to all ContainerConferences from Systems Under Test.
Distributing 'Position' in ControlledContainerConferenceFactory to all SystemParts.
[SRC] at 7.0
Call to RuntimeControlContainerMultipleAppsTestSystemReportingComponent for t = 7.0, containing 1 containers.
[SRC] at 7.0
Call to RuntimeControlContainerMultipleAppsTestSystemReportingComponent for t = 7.0, containing 1 containers.
[APP] at 7.0
Sending 'undefined data' in ControlledContainerConferenceForSystemUnderTest.
Distributing 'undefined data' in ControlledContainerConferenceFactory to all SystemParts.
Distributing 'undefined data' in ControlledContainerConferenceFactory to all ContainerConferences from Systems Under Test.
[SRC] at 7.0
Call to RuntimeControlContainerMultipleAppsTestSystemReportingComponent for t = 7.0, containing 1 containers.
[SRC] at 7.0
Call to RuntimeControlContainerMultipleAppsTestSystemReportingComponent for t = 7.0, containing 1 containers.
[APP] at 7.0
Sending 'undefined data' in ControlledContainerConferenceForSystemUnderTest.
Distributing 'undefined data' in ControlledContainerConferenceFactory to all SystemParts.
Distributing 'undefined data' in ControlledContainerConferenceFactory to all ContainerConferences from Systems Under Test.
[SRC] at 7.0
Call to RuntimeControlContainerMultipleAppsTestSystemReportingComponent for t = 7.0, containing 1 containers.
[SRC] at 7.0
Call to RuntimeControlContainerMultipleAppsTestSystemReportingComponent for t = 7.0, containing 1 containers.
------------------------------------------------------------------------------
Time 8.0
[SFC] at 8.0
Call to RuntimeControlContainerMultipleAppsTestSystemPartReply for t = 8.0, containing 3 containers.
(RuntimeControlContainerMultipleAppsTestSystemPartReply) Sent at 7s/0us., Received at 7s/0us.
(RuntimeControlContainerMultipleAppsTestSystemPartReply) Sent at 7s/0us., Received at 7s/0us.
(RuntimeControlContainerMultipleAppsTestSystemPartReply) Sent at 7s/0us., Received at 7s/0us.
Distributing 'Position' in ControlledContainerConferenceFactory to all ContainerConferences from Systems Under Test.
Distributing 'Position' in ControlledContainerConferenceFactory to all SystemParts.
[SRC] at 8.0
Call to RuntimeControlContainerMultipleAppsTestSystemReportingComponent for t = 8.0, containing 1 containers.
[SRC] at 8.0
Call to RuntimeControlContainerMultipleAppsTestSystemReportingComponent for t = 8.0, containing 1 containers.
[APP] at 8.0
Sending 'undefined data' in ControlledContainerConferenceForSystemUnderTest.
Distributing 'undefined data' in ControlledContainerConferenceFactory to all SystemParts.
Distributing 'undefined data' in ControlledContainerConferenceFactory to all ContainerConferences from Systems Under Test.
[SRC] at 8.0
Call to RuntimeControlContainerMultipleAppsTestSystemReportingComponent for t = 8.0, containing 1 containers.
[SRC] at 8.0
Call to RuntimeControlContainerMultipleAppsTestSystemReportingComponent for t = 8.0, containing 1 containers.
[APP] at 8.0
Sending 'undefined data' in ControlledContainerConferenceForSystemUnderTest.
Distributing 'undefined data' in ControlledContainerConferenceFactory to all SystemParts.
Distributing 'undefined data' in ControlledContainerConferenceFactory to all ContainerConferences from Systems Under Test.
[SRC] at 8.0
Call to RuntimeControlContainerMultipleAppsTestSystemReportingComponent for t = 8.0, containing 1 containers.
[SRC] at 8.0
Call to RuntimeControlContainerMultipleAppsTestSystemReportingComponent for t = 8.0, containing 1 containers.
------------------------------------------------------------------------------
Time 9.0
[SFC] at 9.0
Call to RuntimeControlContainerMultipleAppsTestSystemPartReply for t = 9.0, containing 3 containers.
(RuntimeControlContainerMultipleAppsTestSystemPartReply) Sent at 8s/0us., Received at 8s/0us.
(RuntimeControlContainerMultipleAppsTestSystemPartReply) Sent at 8s/0us., Received at 8s/0us.
(RuntimeControlContainerMultipleAppsTestSystemPartReply) Sent at 8s/0us., Received at 8s/0us.
Distributing 'Position' in ControlledContainerConferenceFactory to all ContainerConferences from Systems Under Test.
Distributing 'Position' in ControlledContainerConferenceFactory to all SystemParts.
[SRC] at 9.0
Call to RuntimeControlContainerMultipleAppsTestSystemReportingComponent for t = 9.0, containing 1 containers.
[SRC] at 9.0
Call to RuntimeControlContainerMultipleAppsTestSystemReportingComponent for t = 9.0, containing 1 containers.
[APP] at 9.0
Sending 'undefined data' in ControlledContainerConferenceForSystemUnderTest.
Distributing 'undefined data' in ControlledContainerConferenceFactory to all SystemParts.
Distributing 'undefined data' in ControlledContainerConferenceFactory to all ContainerConferences from Systems Under Test.
[SRC] at 9.0
Call to RuntimeControlContainerMultipleAppsTestSystemReportingComponent for t = 9.0, containing 1 containers.
[SRC] at 9.0
Call to RuntimeControlContainerMultipleAppsTestSystemReportingComponent for t = 9.0, containing 1 containers.
[APP] at 9.0
Sending 'undefined data' in ControlledContainerConferenceForSystemUnderTest.
Distributing 'undefined data' in ControlledContainerConferenceFactory to all SystemParts.
Distributing 'undefined data' in ControlledContainerConferenceFactory to all ContainerConferences from Systems Under Test.
[SRC] at 9.0
Call to RuntimeControlContainerMultipleAppsTestSystemReportingComponent for t = 9.0, containing 1 containers.
[SRC] at 9.0
Call to RuntimeControlContainerMultipleAppsTestSystemReportingComponent for t = 9.0, containing 1 containers.
(context::base::RuntimeControl) The specified overall timeout was to small! There are still schedulable applications available.
SIZE: 25
B-i: 2, S: 1000000, R: 1000000
B-i: 3, S: 1000000, R: 1000000
B-i: 5, S: 2000000, R: 2000000
B-i: 6, S: 2000000, R: 2000000
B-i: 8, S: 3000000, R: 3000000
B-i: 9, S: 3000000, R: 3000000
B-i: 11, S: 4000000, R: 4000000
B-i: 12, S: 4000000, R: 4000000
B-i: 14, S: 5000000, R: 5000000
B-i: 15, S: 5000000, R: 5000000
B-i: 17, S: 6000000, R: 6000000
B-i: 18, S: 6000000, R: 6000000
B-i: 20, S: 7000000, R: 7000000
B-i: 21, S: 7000000, R: 7000000
B-i: 23, S: 8000000, R: 8000000
B-i: 24, S: 8000000, R: 8000000
REPORTER1-SIZE: 30
REPORTER2-SIZE: 30
(context::base::RuntimeControl) tearDown...
(context::base::RuntimeControl) done.
C1-i: 0, S: 1000000, R: 1000000
C1-i: 1, S: 2000000, R: 2000000
C1-i: 2, S: 3000000, R: 3000000
C1-i: 3, S: 4000000, R: 4000000
C1-i: 4, S: 5000000, R: 5000000
C1-i: 5, S: 6000000, R: 6000000
C1-i: 6, S: 7000000, R: 7000000
C1-i: 7, S: 8000000, R: 8000000
C1-i: 8, S: 9000000, R: 9000000
D1-i: 0, S: 1000000, R: 1000000
D1-i: 1, S: 2000000, R: 2000000
D1-i: 2, S: 3000000, R: 3000000
D1-i: 3, S: 4000000, R: 4000000
D1-i: 4, S: 5000000, R: 5000000
D1-i: 5, S: 6000000, R: 6000000
D1-i: 6, S: 7000000, R: 7000000
D1-i: 7, S: 8000000, R: 8000000
D1-i: 8, S: 9000000, R: 9000000
RuntimeControlContainerMultipleAppsTestModule cycles : 9
RuntimeControlContainerMultipleAppsTestModule cycles : 9
(context::base::RuntimeControl) setup...
(context::base::SuperComponent) Server information: IP: 127.0.0.1, Port: 19855
(context::base::SuperComponent) Creating discoverer server...
Creating multicast UDP receiver at 225.0.0.100:19750.
(context::base::SuperComponent) Creating connection server...
(context::base::SuperComponent) Creating ContainerConference...
Creating multicast UDP receiver at 225.0.0.100:12175.
(context::base::RuntimeControl) setup done.
(context::base::RuntimeControl) Taking control...
No runtime frequency set. Assuming a frequency of 1 Hz.
ControlledContainerConferenceForSystemUnderTest: 225.0.0.100:12175
No runtime frequency set. Assuming a frequency of 1 Hz.
ControlledContainerConferenceForSystemUnderTest: 225.0.0.100:12175
(context::base::RuntimeControl) greatest common divisor: 1000ms.
------------------------------------------------------------------------------
Time 0.0
[SFC] at 0.0
Call to RuntimeControlContainerMultipleAppsTestSystemPartReply for t = 0.0, containing 0 containers.
Distributing 'Position' in ControlledContainerConferenceFactory to all ContainerConferences from Systems Under Test.
Distributing 'Position' in ControlledContainerConferenceFactory to all SystemParts.
[SRC] at 0.0
Call to RuntimeControlContainerMultipleAppsTestSystemReportingComponent for t = 0.0, containing 1 containers.
[SRC] at 0.0
Call to RuntimeControlContainerMultipleAppsTestSystemReportingComponent for t = 0.0, containing 1 containers.
[APP] at 0.0
Creating multicast UDP receiver at 225.0.0.100:19751.
(ClientModule) discovering supercomponent...
(ClientModule) discovering supercomponent...
(DMCP-DiscovererServer) responding to DMCP_DISCOVER
(DMCP-DiscovererServer) responding to DMCP_DISCOVER
(ClientModule) supercomponent found at IP: 10.0.2.15, Port: 19855
(ClientModule) connecting to supercomponent...
(context::base::SuperComponent) Got new connection from []
(DMCP-ConnectionClient) sending configuration request...IP: 10.0.2.15, Port: 19855
(DMCP-Client) Received Configuration
runtimecontrolcontainermultipleappstestmodule.key1=value1

(ClientModule) connecting to supercomponent...done
[SRC] at 0.0
Call to RuntimeControlContainerMultipleAppsTestSystemReportingComponent for t = 0.0, containing 0 containers.
[SRC] at 0.0
Call to RuntimeControlContainerMultipleAppsTestSystemReportingComponent for t = 0.0, containing 0 containers.
[APP] at 0.0
Creating multicast UDP receiver at 225.0.0.100:19751.
(ClientModule) discovering supercomponent...
(DMCP-DiscovererServer) responding to DMCP_DISCOVER
(ClientModule) supercomponent found at IP: 10.0.2.15, Port: 19855
(ClientModule) connecting to supercomponent...
(context::base::SuperComponent) Got new connection from []
(DMCP-ConnectionClient) sending configuration request...IP: 10.0.2.15, Port: 19855
(DMCP-Client) Received Configuration
runtimecontrolcontainermultipleappstestmoduleforsampledata.key3=value3

(ClientModule) connecting to supercomponent...done
[SRC] at 0.0
Call to RuntimeControlContainerMultipleAppsTestSystemReportingComponent for t = 0.0, containing 0 containers.
[SRC] at 0.0
Call to RuntimeControlContainerMultipleAppsTestSystemReportingComponent for t = 0.0, containing 0 containers.
------------------------------------------------------------------------------
Time 1.0
[SFC] at 1.0
Call to RuntimeControlContainerMultipleAppsTestSystemPartReply for t = 1.0, containing 1 containers.
(RuntimeControlContainerMultipleAppsTestSystemPartReply) Sent at 0s/0us., Received at 0s/0us.
Distributing 'Position' in ControlledContainerConferenceFactory to all ContainerConferences from Systems Under Test.
Distributing 'Position' in ControlledContainerConferenceFactory to all SystemParts.
[SRC] at 1.0
Call to RuntimeControlContainerMultipleAppsTestSystemReportingComponent for t = 1.0, containing 1 containers.
[SRC] at 1.0
Call to RuntimeControlContainerMultipleAppsTestSystemReportingComponent for t = 1.0, containing 1 containers.
[APP] at 1.0
Sending 'undefined data' in ControlledContainerConferenceForSystemUnderTest.
Distributing 'undefined data' in ControlledContainerConferenceFactory to all SystemParts.
Distributing 'undefined data' in ControlledContainerConferenceFactory to all ContainerConferences from Systems Under Test.
[SRC] at 1.0
Call to RuntimeControlContainerMultipleAppsTestSystemReportingComponent for t = 1.0, containing 1 containers.
[SRC] at 1.0
Call to RuntimeControlContainerMultipleAppsTestSystemReportingComponent for t = 1.0, containing 1 containers.
[APP] at 1.0
[SRC] at 1.0
Call to RuntimeControlContainerMultipleAppsTestSystemReportingComponent for t = 1.0, containing 0 containers.
[SRC] at 1.0
Call to RuntimeControlContainerMultipleAppsTestSystemReportingComponent for t = 1.0, containing 0 containers.
------------------------------------------------------------------------------
Time 2.0
[SFC] at 2.0
Call to RuntimeControlContainerMultipleAppsTestSystemPartReply for t = 2.0, containing 2 containers.
(RuntimeControlContainerMultipleAppsTestSystemPartReply) Sent at 1s/0us., Received at 1s/0us.
(RuntimeControlContainerMultipleAppsTestSystemPartReply) Sent at 1s/0us., Received at 1s/0us.
Distributing 'Position' in ControlledContainerConferenceFactory to all ContainerConferences from Systems Under Test.
Distributing 'Position' in ControlledContainerConferenceFactory to all SystemParts.
[SRC] at 2.0
Call to RuntimeControlContainerMultipleAppsTestSystemReportingComponent for t = 2.0, containing 1 containers.
[SRC] at 2.0
Call to RuntimeControlContainerMultipleAppsTestSystemReportingComponent for t = 2.0, containing 1 containers.
[APP] at 2.0
Sending 'undefined data' in ControlledContainerConferenceForSystemUnderTest.
Distributing 'undefined data' in ControlledContainerConferenceFactory to all SystemParts.
Distributing 'undefined data' in ControlledContainerConferenceFactory to all ContainerConferences from Systems Under Test.
[SRC] at 2.0
Call to RuntimeControlContainerMultipleAppsTestSystemReportingComponent for t = 2.0, containing 1 containers.
[SRC] at 2.0
Call to RuntimeControlContainerMultipleAppsTestSystemReportingComponent for t = 2.0, containing 1 containers.
[APP] at 2.0
[SRC] at 2.0
Call to RuntimeControlContainerMultipleAppsTestSystemReportingComponent for t = 2.0, containing 0 containers.
[SRC] at 2.0
Call to RuntimeControlContainerMultipleAppsTestSystemReportingComponent for t = 2.0, containing 0 containers.
------------------------------------------------------------------------------
Time 3.0
[SFC] at 3.0
Call to RuntimeControlContainerMultipleAppsTestSystemPartReply for t = 3.0, containing 2 containers.
(RuntimeControlContainerMultipleAppsTestSystemPartReply) Sent at 2s/0us., Received at 2s/0us.
(RuntimeControlContainerMultipleAppsTestSystemPartReply) Sent at 2s/0us., Received at 2s/0us.
Distributing 'Position' in ControlledContainerConferenceFactory to all ContainerConferences from Systems Under Test.
Distributing 'Position' in ControlledContainerConferenceFactory to all SystemParts.
[SRC] at 3.0
Call to RuntimeControlContainerMultipleAppsTestSystemReportingComponent for t = 3.0, containing 1 containers.
[SRC] at 3.0
Call to RuntimeControlContainerMultipleAppsTestSystemReportingComponent for t = 3.0, containing 1 containers.
[APP] at 3.0
Sending 'undefined data' in ControlledContainerConferenceForSystemUnderTest.
Distributing 'undefined data' in ControlledContainerConferenceFactory to all SystemParts.
Distributing 'undefined data' in ControlledContainerConferenceFactory to all ContainerConferences from Systems Under Test.
[SRC] at 3.0
Call to RuntimeControlContainerMultipleAppsTestSystemReportingComponent for t = 3.0, containing 1 containers.
[SRC] at 3.0
Call to RuntimeControlContainerMultipleAppsTestSystemReportingComponent for t = 3.0, containing 1 containers.
[APP] at 3.0
[SRC] at 3.0
Call to RuntimeControlContainerMultipleAppsTestSystemReportingComponent for t = 3.0, containing 0 containers.
[SRC] at 3.0
Call to RuntimeControlContainerMultipleAppsTestSystemReportingComponent for t = 3.0, containing 0 containers.
------------------------------------------------------------------------------
Time 4.0
[SFC] at 4.0
Call to RuntimeControlContainerMultipleAppsTestSystemPartReply for t = 4.0, containing 2 containers.
(RuntimeControlContainerMultipleAppsTestSystemPartReply) Sent at 3s/0us., Received at 3s/0us.
(RuntimeControlContainerMultipleAppsTestSystemPartReply) Sent at 3s/0us., Received at 3s/0us.
Distributing 'Position' in ControlledContainerConferenceFactory to all ContainerConferences from Systems Under Test.
Distributing 'Position' in ControlledContainerConferenceFactory to all SystemParts.
[SRC] at 4.0
Call to RuntimeControlContainerMultipleAppsTestSystemReportingComponent for t = 4.0, containing 1 containers.
[SRC] at 4.0
Call to RuntimeControlContainerMultipleAppsTestSystemReportingComponent for t = 4.0, containing 1 containers.
[APP] at 4.0
Sending 'undefined data' in ControlledContainerConferenceForSystemUnderTest.
Distributing 'undefined data' in ControlledContainerConferenceFactory to all SystemParts.
Distributing 'undefined data' in ControlledContainerConferenceFactory to all ContainerConferences from Systems Under Test.
[SRC] at 4.0
Call to RuntimeControlContainerMultipleAppsTestSystemReportingComponent for t = 4.0, containing 1 containers.
[SRC] at 4.0
Call to RuntimeControlContainerMultipleAppsTestSystemReportingComponent for t = 4.0, containing 1 containers.
[APP] at 4.0
[SRC] at 4.0
Call to RuntimeControlContainerMultipleAppsTestSystemReportingComponent for t = 4.0, containing 0 containers.
[SRC] at 4.0
Call to RuntimeControlContainerMultipleAppsTestSystemReportingComponent for t = 4.0, containing 0 containers.
------------------------------------------------------------------------------
Time 5.0
[SFC] at 5.0
Call to RuntimeControlContainerMultipleAppsTestSystemPartReply for t = 5.0, containing 2 containers.
(RuntimeControlContainerMultipleAppsTestSystemPartReply) Sent at 4s/0us., Received at 4s/0us.
(RuntimeControlContainerMultipleAppsTestSystemPartReply) Sent at 4s/0us., Received at 4s/0us.
Distributing 'Position' in ControlledContainerConferenceFactory to all ContainerConferences from Systems Under Test.
Distributing 'Position' in ControlledContainerConferenceFactory to all SystemParts.
[SRC] at 5.0
Call to RuntimeControlContainerMultipleAppsTestSystemReportingComponent for t = 5.0, containing 1 containers.
[SRC] at 5.0
Call to RuntimeControlContainerMultipleAppsTestSystemReportingComponent for t = 5.0, containing 1 containers.
[APP] at 5.0
Sending 'undefined data' in ControlledContainerConferenceForSystemUnderTest.
Distributing 'undefined data' in ControlledContainerConferenceFactory to all SystemParts.
Distributing 'undefined data' in ControlledContainerConferenceFactory to all ContainerConferences from Systems Under Test.
[SRC] at 5.0
Call to RuntimeControlContainerMultipleAppsTestSystemReportingComponent for t = 5.0, containing 1 containers.
[SRC] at 5.0
Call to RuntimeControlContainerMultipleAppsTestSystemReportingComponent for t = 5.0, containing 1 containers.
[APP] at 5.0
[SRC] at 5.0
Call to RuntimeControlContainerMultipleAppsTestSystemReportingComponent for t = 5.0, containing 0 containers.
[SRC] at 5.0
Call to RuntimeControlContainerMultipleAppsTestSystemReportingComponent for t = 5.0, containing 0 containers.
------------------------------------------------------------------------------
Time 6.0
[SFC] at 6.0
Call to RuntimeControlContainerMultipleAppsTestSystemPartReply for t = 6.0, containing 2 containers.
(RuntimeControlContainerMultipleAppsTestSystemPartReply) Sent at 5s/0us., Received at 5s/0us.
(RuntimeControlContainerMultipleAppsTestSystemPartReply) Sent at 5s/0us., Received at 5s/0us.
Distributing 'Position' in ControlledContainerConferenceFactory to all ContainerConferences from Systems Under Test.
Distributing 'Position' in ControlledContainerConferenceFactory to all SystemParts.
[SRC] at 6.0
Call to RuntimeControlContainerMultipleAppsTestSystemReportingComponent for t = 6.0, containing 1 containers.
[SRC] at 6.0
Call to RuntimeControlContainerMultipleAppsTestSystemReportingComponent for t = 6.0, containing 1 containers.
[APP] at 6.0
Sending 'undefined data' in ControlledContainerConferenceForSystemUnderTest.
Distributing 'undefined data' in ControlledContainerConferenceFactory to all SystemParts.
Distributing 'undefined data' in ControlledContainerConferenceFactory to all ContainerConferences from Systems Under Test.
[SRC] at 6.0
Call to RuntimeControlContainerMultipleAppsTestSystemReportingComponent for t = 6.0, containing 1 containers.
[SRC] at 6.0
Call to RuntimeControlContainerMultipleAppsTestSystemReportingComponent for t = 6.0, containing 1 containers.
[APP] at 6.0
[SRC] at 6.0
Call to RuntimeControlContainerMultipleAppsTestSystemReportingComponent for t = 6.0, containing 0 containers.
[SRC] at 6.0
Call to RuntimeControlContainerMultipleAppsTestSystemReportingComponent for t = 6.0, containing 0 containers.
------------------------------------------------------------------------------
Time 7.0
[SFC] at 7.0
Call to RuntimeControlContainerMultipleAppsTestSystemPartReply for t = 7.0, containing 2 containers.
(RuntimeControlContainerMultipleAppsTestSystemPartReply) Sent at 6s/0us., Received at 6s/0us.
(RuntimeControlContainerMultipleAppsTestSystemPartReply) Sent at 6s/0us., Received at 6s/0us.
Distributing 'Position' in ControlledContainerConferenceFactory to all ContainerConferences from Systems Under Test.
Distributing 'Position' in ControlledContainerConferenceFactory to all SystemParts.
[SRC] at 7.0
Call to RuntimeControlContainerMultipleAppsTestSystemReportingComponent for t = 7.0, containing 1 containers.
[SRC] at 7.0
Call to RuntimeControlContainerMultipleAppsTestSystemReportingComponent for t = 7.0, containing 1 containers.
[APP] at 7.0
Sending 'undefined data' in ControlledContainerConferenceForSystemUnderTest.
Distributing 'undefined data' in ControlledContainerConferenceFactory to all SystemParts.
Distributing 'undefined data' in ControlledContainerConferenceFactory to all ContainerConferences from Systems Under Test.
[SRC] at 7.0
Call to RuntimeControlContainerMultipleAppsTestSystemReportingComponent for t = 7.0, containing 1 containers.
[SRC] at 7.0
Call to RuntimeControlContainerMultipleAppsTestSystemReportingComponent for t = 7.0, containing 1 containers.
[APP] at 7.0
[SRC] at 7.0
Call to RuntimeControlContainerMultipleAppsTestSystemReportingComponent for t = 7.0, containing 0 containers.
[SRC] at 7.0
Call to RuntimeControlContainerMultipleAppsTestSystemReportingComponent for t = 7.0, containing 0 containers.
------------------------------------------------------------------------------
Time 8.0
[SFC] at 8.0
Call to RuntimeControlContainerMultipleAppsTestSystemPartReply for t = 8.0, containing 2 containers.
(RuntimeControlContainerMultipleAppsTestSystemPartReply) Sent at 7s/0us., Received at 7s/0us.
(RuntimeControlContainerMultipleAppsTestSystemPartReply) Sent at 7s/0us., Received at 7s/0us.
Distributing 'Position' in ControlledContainerConferenceFactory to all ContainerConferences from Systems Under Test.
Distributing 'Position' in ControlledContainerConferenceFactory to all SystemParts.
[SRC] at 8.0
Call to RuntimeControlContainerMultipleAppsTestSystemReportingComponent for t = 8.0, containing 1 containers.
[SRC] at 8.0
Call to RuntimeControlContainerMultipleAppsTestSystemReportingComponent for t = 8.0, containing 1 containers.
[APP] at 8.0
Sending 'undefined data' in ControlledContainerConferenceForSystemUnderTest.
Distributing 'undefined data' in ControlledContainerConferenceFactory to all SystemParts.
Distributing 'undefined data' in ControlledContainerConferenceFactory to all ContainerConferences from Systems Under Test.
[SRC] at 8.0
Call to RuntimeControlContainerMultipleAppsTestSystemReportingComponent for t = 8.0, containing 1 containers.
[SRC] at 8.0
Call to RuntimeControlContainerMultipleAppsTestSystemReportingComponent for t = 8.0, containing 1 containers.
[APP] at 8.0
[SRC] at 8.0
Call to RuntimeControlContainerMultipleAppsTestSystemReportingComponent for t = 8.0, containing 0 containers.
[SRC] at 8.0
Call to RuntimeControlContainerMultipleAppsTestSystemReportingComponent for t = 8.0, containing 0 containers.
------------------------------------------------------------------------------
Time 9.0
[SFC] at 9.0
Call to RuntimeControlContainerMultipleAppsTestSystemPartReply for t = 9.0, containing 2 containers.
(RuntimeControlContainerMultipleAppsTestSystemPartReply) Sent at 8s/0us., Received at 8s/0us.
(RuntimeControlContainerMultipleAppsTestSystemPartReply) Sent at 8s/0us., Received at 8s/0us.
Distributing 'Position' in ControlledContainerConferenceFactory to all ContainerConferences from Systems Under Test.
Distributing 'Position' in ControlledContainerConferenceFactory to all SystemParts.
[SRC] at 9.0
Call to RuntimeControlContainerMultipleAppsTestSystemReportingComponent for t = 9.0, containing 1 containers.
[SRC] at 9.0
Call to RuntimeControlContainerMultipleAppsTestSystemReportingComponent for t = 9.0, containing 1 containers.
[APP] at 9.0
Sending 'undefined data' in ControlledContainerConferenceForSystemUnderTest.
Distributing 'undefined data' in ControlledContainerConferenceFactory to all SystemParts.
Distributing 'undefined data' in ControlledContainerConferenceFactory to all ContainerConferences from Systems Under Test.
[SRC] at 9.0
Call to RuntimeControlContainerMultipleAppsTestSystemReportingComponent for t = 9.0, containing 1 containers.
[SRC] at 9.0
Call to RuntimeControlContainerMultipleAppsTestSystemReportingComponent for t = 9.0, containing 1 containers.
[APP] at 9.0
[SRC] at 9.0
Call to RuntimeControlContainerMultipleAppsTestSystemReportingComponent for t = 9.0, containing 0 containers.
[SRC] at 9.0
Call to RuntimeControlContainerMultipleAppsTestSystemReportingComponent for t = 9.0, containing 0 containers.
(context::base::RuntimeControl) The specified overall timeout was to small! There are still schedulable applications available.
SIZE: 17
B-i: 2, undefDataCnt: 1, S: 1000000, R: 1000000
B-i: 4, undefDataCnt: 2, S: 2000000, R: 2000000
B-i: 6, undefDataCnt: 3, S: 3000000, R: 3000000
B-i: 8, undefDataCnt: 4, S: 4000000, R: 4000000
B-i: 10, undefDataCnt: 5, S: 5000000, R: 5000000
B-i: 12, undefDataCnt: 6, S: 6000000, R: 6000000
B-i: 14, undefDataCnt: 7, S: 7000000, R: 7000000
B-i: 16, undefDataCnt: 8, S: 8000000, R: 8000000
REPORTER1-SIZE: 30
REPORTER2-SIZE: 30
(context::base::RuntimeControl) tearDown...
(context::base::RuntimeControl) done.
C1-i: 0, S: 1000000, R: 1000000
C1-i: 1, S: 2000000, R: 2000000
C1-i: 2, S: 3000000, R: 3000000
C1-i: 3, S: 4000000, R: 4000000
C1-i: 4, S: 5000000, R: 5000000
C1-i: 5, S: 6000000, R: 6000000
C1-i: 6, S: 7000000, R: 7000000
C1-i: 7, S: 8000000, R: 8000000
C1-i: 8, S: 9000000, R: 9000000
SIZE_RECEIVED_AT_SYSTEM_UNDER_TEST_A2:18
D1-i: 0, S: 1000000, R: 1000000
E1-i: 1, S: 1000000, R: 1000000, data:1
D1-i: 2, S: 2000000, R: 2000000
E1-i: 3, S: 2000000, R: 2000000, data:2
D1-i: 4, S: 3000000, R: 3000000
E1-i: 5, S: 3000000, R: 3000000, data:3
D1-i: 6, S: 4000000, R: 4000000
E1-i: 7, S: 4000000, R: 4000000, data:4
D1-i: 8, S: 5000000, R: 5000000
E1-i: 9, S: 5000000, R: 5000000, data:5
D1-i: 10, S: 6000000, R: 6000000
E1-i: 11, S: 6000000, R: 6000000, data:6
D1-i: 12, S: 7000000, R: 7000000
E1-i: 13, S: 7000000, R: 7000000, data:7
D1-i: 14, S: 8000000, R: 8000000
E1-i: 15, S: 8000000, R: 8000000, data:8
D1-i: 16, S: 9000000, R: 9000000
E1-i: 17, S: 9000000, R: 9000000, data:9
RuntimeControlContainerMultipleAppsTestModule cycles : 9
RuntimeControlContainerMultipleAppsTestModule cycles : 9
(context::base::RuntimeControl) setup...
(context::base::SuperComponent) Server information: IP: 127.0.0.1, Port: 19855
(context::base::SuperComponent) Creating discoverer server...
Creating multicast UDP receiver at 225.0.0.100:19750.
(context::base::SuperComponent) Creating connection server...
(context::base::SuperComponent) Creating ContainerConference...
Creating multicast UDP receiver at 225.0.0.100:12175.
(context::base::RuntimeControl) setup done.
(context::base::RuntimeControl) Taking control...
ControlledContainerConferenceForSystemUnderTest: 225.0.0.100:12175
No runtime frequency set. Assuming a frequency of 1 Hz.
ControlledContainerConferenceForSystemUnderTest: 225.0.0.100:12175
(context::base::RuntimeControl) greatest common divisor: 500ms.
------------------------------------------------------------------------------
Time 0.0
[SFC] at 0.0
Call to RuntimeControlContainerMultipleAppsTestSystemPartReply for t = 0.0, containing 0 containers.
Distributing 'Position' in ControlledContainerConferenceFactory to all ContainerConferences from Systems Under Test.
Distributing 'Position' in ControlledContainerConferenceFactory to all SystemParts.
[APP] at 0.0
Creating multicast UDP receiver at 225.0.0.100:19751.
(ClientModule) discovering supercomponent...
(DMCP-DiscovererServer) responding to DMCP_DISCOVER
(ClientModule) supercomponent found at IP: 10.0.2.15, Port: 19855
(ClientModule) connecting to supercomponent...
(context::base::SuperComponent) Got new connection from []
(DMCP-ConnectionClient) sending configuration request...IP: 10.0.2.15, Port: 19855
(DMCP-Client) Received Configuration
runtimecontrolcontainermultipleappstestmodule.key1=value1

(ClientModule) connecting to supercomponent...done
[APP] at 0.0
Creating multicast UDP receiver at 225.0.0.100:19751.
(ClientModule) discovering supercomponent...
(DMCP-DiscovererServer) responding to DMCP_DISCOVER
(ClientModule) supercomponent found at IP: 10.0.2.15, Port: 19855
(ClientModule) connecting to supercomponent...
(context::base::SuperComponent) Got new connection from []
(DMCP-ConnectionClient) sending configuration request...IP: 10.0.2.15, Port: 19855
(DMCP-Client) Received Configuration
runtimecontrolcontainermultipleappstestmodule.key1=value1

(ClientModule) connecting to supercomponent...done
------------------------------------------------------------------------------
Time 0.500000
[APP] at 0.500000
Sending 'undefined data' in ControlledContainerConferenceForSystemUnderTest.
Distributing 'undefined data' in ControlledContainerConferenceFactory to all SystemParts.
Distributing 'undefined data' in ControlledContainerConferenceFactory to all ContainerConferences from Systems Under Test.
------------------------------------------------------------------------------
Time 1.0
[SFC] at 1.0
Call to RuntimeControlContainerMultipleAppsTestSystemPartReply for t = 1.0, containing 2 containers.
(RuntimeControlContainerMultipleAppsTestSystemPartReply) Sent at 0s/0us., Received at 0s/0us.
(RuntimeControlContainerMultipleAppsTestSystemPartReply) Sent at 0s/500000us., Received at 0s/500000us.
Distributing 'Position' in ControlledContainerConferenceFactory to all ContainerConferences from Systems Under Test.
Distributing 'Position' in ControlledContainerConferenceFactory to all SystemParts.
[APP] at 1.0
Sending 'undefined data' in ControlledContainerConferenceForSystemUnderTest.
Distributing 'undefined data' in ControlledContainerConferenceFactory to all SystemParts.
Distributing 'undefined data' in ControlledContainerConferenceFactory to all ContainerConferences from Systems Under Test.
[APP] at 1.0
Sending 'undefined data' in ControlledContainerConferenceForSystemUnderTest.
Distributing 'undefined data' in ControlledContainerConferenceFactory to all SystemParts.
Distributing 'undefined data' in ControlledContainerConferenceFactory to all ContainerConferences from Systems Under Test.
------------------------------------------------------------------------------
Time 1.500000
[APP] at 1.500000
Sending 'undefined data' in ControlledContainerConferenceForSystemUnderTest.
Distributing 'undefined data' in ControlledContainerConferenceFactory to all SystemParts.
Distributing 'undefined data' in ControlledContainerConferenceFactory to all ContainerConferences from Systems Under Test.
------------------------------------------------------------------------------
Time 2.0
[SFC] at 2.0
Call to RuntimeControlContainerMultipleAppsTestSystemPartReply for t = 2.0, containing 4 containers.
(RuntimeControlContainerMultipleAppsTestSystemPartReply) Sent at 1s/0us., Received at 1s/0us.
(RuntimeControlContainerMultipleAppsTestSystemPartReply) Sent at 1s/0us., Received at 1s/0us.
(RuntimeControlContainerMultipleAppsTestSystemPartReply) Sent at 1s/0us., Received at 1s/0us.
(RuntimeControlContainerMultipleAppsTestSystemPartReply) Sent at 1s/500000us., Received at 1s/500000us.
Distributing 'Position' in ControlledContainerConferenceFactory to all ContainerConferences from Systems Under Test.
Distributing 'Position' in ControlledContainerConferenceFactory to all SystemParts.
[APP] at 2.0
Sending 'undefined data' in ControlledContainerConferenceForSystemUnderTest.
Distributing 'undefined data' in ControlledContainerConferenceFactory to all SystemParts.
Distributing 'undefined data' in ControlledContainerConferenceFactory to all ContainerConferences from Systems Under Test.
[APP] at 2.0
Sending 'undefined data' in ControlledContainerConferenceForSystemUnderTest.
Distributing 'undefined data' in ControlledContainerConferenceFactory to all SystemParts.
Distributing 'undefined data' in ControlledContainerConferenceFactory to all ContainerConferences from Systems Under Test.
------------------------------------------------------------------------------
Time 2.500000
[APP] at 2.500000
Sending 'undefined data' in ControlledContainerConferenceForSystemUnderTest.
Distributing 'undefined data' in ControlledContainerConferenceFactory to all SystemParts.
Distributing 'undefined data' in ControlledContainerConferenceFactory to all ContainerConferences from Systems Under Test.
------------------------------------------------------------------------------
Time 3.0
[SFC] at 3.0
Call to RuntimeControlContainerMultipleAppsTestSystemPartReply for t = 3.0, containing 4 containers.
(RuntimeControlContainerMultipleAppsTestSystemPartReply) Sent at 2s/0us., Received at 2s/0us.
(RuntimeControlContainerMultipleAppsTestSystemPartReply) Sent at 2s/0us., Received at 2s/0us.
(RuntimeControlContainerMultipleAppsTestSystemPartReply) Sent at 2s/0us., Received at 2s/0us.
(RuntimeControlContainerMultipleAppsTestSystemPartReply) Sent at 2s/500000us., Received at 2s/500000us.
Distributing 'Position' in ControlledContainerConferenceFactory to all ContainerConferences from Systems Under Test.
Distributing 'Position' in ControlledContainerConferenceFactory to all SystemParts.
[APP] at 3.0
Sending 'undefined data' in ControlledContainerConferenceForSystemUnderTest.
Distributing 'undefined data' in ControlledContainerConferenceFactory to all SystemParts.
Distributing 'undefined data' in ControlledContainerConferenceFactory to all ContainerConferences from Systems Under Test.
[APP] at 3.0
Sending 'undefined data' in ControlledContainerConferenceForSystemUnderTest.
Distributing 'undefined data' in ControlledContainerConferenceFactory to all SystemParts.
Distributing 'undefined data' in ControlledContainerConferenceFactory to all ContainerConferences from Systems Under Test.
------------------------------------------------------------------------------
Time 3.500000
[APP] at 3.500000
Sending 'undefined data' in ControlledContainerConferenceForSystemUnderTest.
Distributing 'undefined data' in ControlledContainerConferenceFactory to all SystemParts.
Distributing 'undefined data' in ControlledContainerConferenceFactory to all ContainerConferences from Systems Under Test.
------------------------------------------------------------------------------
Time 4.0
[SFC] at 4.0
Call to RuntimeControlContainerMultipleAppsTestSystemPartReply for t = 4.0, containing 4 containers.
(RuntimeControlContainerMultipleAppsTestSystemPartReply) Sent at 3s/0us., Received at 3s/0us.
(RuntimeControlContainerMultipleAppsTestSystemPartReply) Sent at 3s/0us., Received at 3s/0us.
(RuntimeControlContainerMultipleAppsTestSystemPartReply) Sent at 3s/0us., Received at 3s/0us.
(RuntimeControlContainerMultipleAppsTestSystemPartReply) Sent at 3s/500000us., Received at 3s/500000us.
Distributing 'Position' in ControlledContainerConferenceFactory to all ContainerConferences from Systems Under Test.
Distributing 'Position' in ControlledContainerConferenceFactory to all SystemParts.
[APP] at 4.0
Sending 'undefined data' in ControlledContainerConferenceForSystemUnderTest.
Distributing 'undefined data' in ControlledContainerConferenceFactory to all SystemParts.
Distributing 'undefined data' in ControlledContainerConferenceFactory to all ContainerConferences from Systems Under Test.
[APP] at 4.0
Sending 'undefined data' in ControlledContainerConferenceForSystemUnderTest.
Distributing 'undefined data' in ControlledContainerConferenceFactory to all SystemParts.
Distributing 'undefined data' in ControlledContainerConferenceFactory to all ContainerConferences from Systems Under Test.
------------------------------------------------------------------------------
Time 4.500000
[APP] at 4.500000
Sending 'undefined data' in ControlledContainerConferenceForSystemUnderTest.
Distributing 'undefined data' in ControlledContainerConferenceFactory to all SystemParts.
Distributing 'undefined data' in ControlledContainerConferenceFactory to all ContainerConferences from Systems Under Test.
------------------------------------------------------------------------------
Time 5.0
[SFC] at 5.0
Call to RuntimeControlContainerMultipleAppsTestSystemPartReply for t = 5.0, containing 4 containers.
(RuntimeControlContainerMultipleAppsTestSystemPartReply) Sent at 4s/0us., Received at 4s/0us.
(RuntimeControlContainerMultipleAppsTestSystemPartReply) Sent at 4s/0us., Received at 4s/0us.
(RuntimeControlContainerMultipleAppsTestSystemPartReply) Sent at 4s/0us., Received at 4s/0us.
(RuntimeControlContainerMultipleAppsTestSystemPartReply) Sent at 4s/500000us., Received at 4s/500000us.
Distributing 'Position' in ControlledContainerConferenceFactory to all ContainerConferences from Systems Under Test.
Distributing 'Position' in ControlledContainerConferenceFactory to all SystemParts.
[APP] at 5.0
Sending 'undefined data' in ControlledContainerConferenceForSystemUnderTest.
Distributing 'undefined data' in ControlledContainerConferenceFactory to all SystemParts.
Distributing 'undefined data' in ControlledContainerConferenceFactory to all ContainerConferences from Systems Under Test.
[APP] at 5.0
Sending 'undefined data' in ControlledContainerConferenceForSystemUnderTest.
Distributing 'undefined data' in ControlledContainerConferenceFactory to all SystemParts.
Distributing 'undefined data' in ControlledContainerConferenceFactory to all ContainerConferences from Systems Under Test.
------------------------------------------------------------------------------
Time 5.500000
[APP] at 5.500000
Sending 'undefined data' in ControlledContainerConferenceForSystemUnderTest.
Distributing 'undefined data' in ControlledContainerConferenceFactory to all SystemParts.
Distributing 'undefined data' in ControlledContainerConferenceFactory to all ContainerConferences from Systems Under Test.
------------------------------------------------------------------------------
Time 6.0
[SFC] at 6.0
Call to RuntimeControlContainerMultipleAppsTestSystemPartReply for t = 6.0, containing 4 containers.
(RuntimeControlContainerMultipleAppsTestSystemPartReply) Sent at 5s/0us., Received at 5s/0us.
(RuntimeControlContainerMultipleAppsTestSystemPartReply) Sent at 5s/0us., Received at 5s/0us.
(RuntimeControlContainerMultipleAppsTestSystemPartReply) Sent at 5s/0us., Received at 5s/0us.
(RuntimeControlContainerMultipleAppsTestSystemPartReply) Sent at 5s/500000us., Received at 5s/500000us.
Distributing 'Position' in ControlledContainerConferenceFactory to all ContainerConferences from Systems Under Test.
Distributing 'Position' in ControlledContainerConferenceFactory to all SystemParts.
[APP] at 6.0
Sending 'undefined data' in ControlledContainerConferenceForSystemUnderTest.
Distributing 'undefined data' in ControlledContainerConferenceFactory to all SystemParts.
Distributing 'undefined data' in ControlledContainerConferenceFactory to all ContainerConferences from Systems Under Test.
[APP] at 6.0
Sending 'undefined data' in ControlledContainerConferenceForSystemUnderTest.
Distributing 'undefined data' in ControlledContainerConferenceFactory to all SystemParts.
Distributing 'undefined data' in ControlledContainerConferenceFactory to all ContainerConferences from Systems Under Test.
------------------------------------------------------------------------------
Time 6.500000
[APP] at 6.500000
Sending 'undefined data' in ControlledContainerConferenceForSystemUnderTest.
Distributing 'undefined data' in ControlledContainerConferenceFactory to all SystemParts.
Distributing 'undefined data' in ControlledContainerConferenceFactory to all ContainerConferences from Systems Under Test.
------------------------------------------------------------------------------
Time 7.0
[SFC] at 7.0
Call to RuntimeControlContainerMultipleAppsTestSystemPartReply for t = 7.0, containing 4 containers.
(RuntimeControlContainerMultipleAppsTestSystemPartReply) Sent at 6s/0us., Received at 6s/0us.
(RuntimeControlContainerMultipleAppsTestSystemPartReply) Sent at 6s/0us., Received at 6s/0us.
(RuntimeControlContainerMultipleAppsTestSystemPartReply) Sent at 6s/0us., Received at 6s/0us.
(RuntimeControlContainerMultipleAppsTestSystemPartReply) Sent at 6s/500000us., Received at 6s/500000us.
Distributing 'Position' in ControlledContainerConferenceFactory to all ContainerConferences from Systems Under Test.
Distributing 'Position' in ControlledContainerConferenceFactory to all SystemParts.
[APP] at 7.0
Sending 'undefined data' in ControlledContainerConferenceForSystemUnderTest.
Distributing 'undefined data' in ControlledContainerConferenceFactory to all SystemParts.
Distributing 'undefined data' in ControlledContainerConferenceFactory to all ContainerConferences from Systems Under Test.
[APP] at 7.0
Sending 'undefined data' in ControlledContainerConferenceForSystemUnderTest.
Distributing 'undefined data' in ControlledContainerConferenceFactory to all SystemParts.
Distributing 'undefined data' in ControlledContainerConferenceFactory to all ContainerConferences from Systems Under Test.
------------------------------------------------------------------------------
Time 7.500000
[APP] at 7.500000
Sending 'undefined data' in ControlledContainerConferenceForSystemUnderTest.
Distributing 'undefined data' in ControlledContainerConferenceFactory to all SystemParts.
Distributing 'undefined data' in ControlledContainerConferenceFactory to all ContainerConferences from Systems Under Test.
------------------------------------------------------------------------------
Time 8.0
[SFC] at 8.0
Call to RuntimeControlContainerMultipleAppsTestSystemPartReply for t = 8.0, containing 4 containers.
(RuntimeControlContainerMultipleAppsTestSystemPartReply) Sent at 7s/0us., Received at 7s/0us.
(RuntimeControlContainerMultipleAppsTestSystemPartReply) Sent at 7s/0us., Received at 7s/0us.
(RuntimeControlContainerMultipleAppsTestSystemPartReply) Sent at 7s/0us., Received at 7s/0us.
(RuntimeControlContainerMultipleAppsTestSystemPartReply) Sent at 7s/500000us., Received at 7s/500000us.
Distributing 'Position' in ControlledContainerConferenceFactory to all ContainerConferences from Systems Under Test.
Distributing 'Position' in ControlledContainerConferenceFactory to all SystemParts.
[APP] at 8.0
Sending 'undefined data' in ControlledContainerConferenceForSystemUnderTest.
Distributing 'undefined data' in ControlledContainerConferenceFactory to all SystemParts.
Distributing 'undefined data' in ControlledContainerConferenceFactory to all ContainerConferences from Systems Under Test.
[APP] at 8.0
Sending 'undefined data' in ControlledContainerConferenceForSystemUnderTest.
Distributing 'undefined data' in ControlledContainerConferenceFactory to all SystemParts.
Distributing 'undefined data' in ControlledContainerConferenceFactory to all ContainerConferences from Systems Under Test.
------------------------------------------------------------------------------
Time 8.500000
[APP] at 8.500000
Sending 'undefined data' in ControlledContainerConferenceForSystemUnderTest.
Distributing 'undefined data' in ControlledContainerConferenceFactory to all SystemParts.
Distributing 'undefined data' in ControlledContainerConferenceFactory to all ContainerConferences from Systems Under Test.
------------------------------------------------------------------------------
Time 9.0
[SFC] at 9.0
Call to RuntimeControlContainerMultipleAppsTestSystemPartReply for t = 9.0, containing 4 containers.
(RuntimeControlContainerMultipleAppsTestSystemPartReply) Sent at 8s/0us., Received at 8s/0us.
(RuntimeControlContainerMultipleAppsTestSystemPartReply) Sent at 8s/0us., Received at 8s/0us.
(RuntimeControlContainerMultipleAppsTestSystemPartReply) Sent at 8s/0us., Received at 8s/0us.
(RuntimeControlContainerMultipleAppsTestSystemPartReply) Sent at 8s/500000us., Received at 8s/500000us.
Distributing 'Position' in ControlledContainerConferenceFactory to all ContainerConferences from Systems Under Test.
Distributing 'Position' in ControlledContainerConferenceFactory to all SystemParts.
[APP] at 9.0
Sending 'undefined data' in ControlledContainerConferenceForSystemUnderTest.
Distributing 'undefined data' in ControlledContainerConferenceFactory to all SystemParts.
Distributing 'undefined data' in ControlledContainerConferenceFactory to all ContainerConferences from Systems Under Test.
[APP] at 9.0
Sending 'undefined data' in ControlledContainerConferenceForSystemUnderTest.
Distributing 'undefined data' in ControlledContainerConferenceFactory to all SystemParts.
Distributing 'undefined data' in ControlledContainerConferenceFactory to all ContainerConferences from Systems Under Test.
------------------------------------------------------------------------------
Time 9.500000
[APP] at 9.500000
Sending 'undefined data' in ControlledContainerConferenceForSystemUnderTest.
Distributing 'undefined data' in ControlledContainerConferenceFactory to all SystemParts.
Distributing 'undefined data' in ControlledContainerConferenceFactory to all ContainerConferences from Systems Under Test.
(context::base::RuntimeControl) The specified overall timeout was to small! There are still schedulable applications available.
SIZE: 34
B-i: 0, S: 0, R: 0, m_id:, m_int: 0
B-i: 1, S: 500000, R: 500000, m_id:1, m_int: 1
cntApp1: 1
B-i: 2, S: 1000000, R: 1000000, m_id:, m_int: 0
B-i: 3, S: 1000000, R: 1000000, m_id:1, m_int: 2
cntApp1: 2
B-i: 4, S: 1000000, R: 1000000, m_id:2, m_int: 1
cntApp2: 1
B-i: 5, S: 1500000, R: 1500000, m_id:1, m_int: 3
cntApp1: 3
B-i: 6, S: 2000000, R: 2000000, m_id:, m_int: 0
B-i: 7, S: 2000000, R: 2000000, m_id:1, m_int: 4
cntApp1: 4
B-i: 8, S: 2000000, R: 2000000, m_id:2, m_int: 2
cntApp2: 2
B-i: 9, S: 2500000, R: 2500000, m_id:1, m_int: 5
cntApp1: 5
B-i: 10, S: 3000000, R: 3000000, m_id:, m_int: 0
B-i: 11, S: 3000000, R: 3000000, m_id:1, m_int: 6
cntApp1: 6
B-i: 12, S: 3000000, R: 3000000, m_id:2, m_int: 3
cntApp2: 3
B-i: 13, S: 3500000, R: 3500000, m_id:1, m_int: 7
cntApp1: 7
B-i: 14, S: 4000000, R: 4000000, m_id:, m_int: 0
B-i: 15, S: 4000000, R: 4000000, m_id:1, m_int: 8
cntApp1: 8
B-i: 16, S: 4000000, R: 4000000, m_id:2, m_int: 4
cntApp2: 4
B-i: 17, S: 4500000, R: 4500000, m_id:1, m_int: 9
cntApp1: 9
B-i: 18, S: 5000000, R: 5000000, m_id:, m_int: 0
B-i: 19, S: 5000000, R: 5000000, m_id:1, m_int: 10
cntApp1: 10
B-i: 20, S: 5000000, R: 5000000, m_id:2, m_int: 5
cntApp2: 5
B-i: 21, S: 5500000, R: 5500000, m_id:1, m_int: 11
cntApp1: 11
B-i: 22, S: 6000000, R: 6000000, m_id:, m_int: 0
B-i: 23, S: 6000000, R: 6000000, m_id:1, m_int: 12
cntApp1: 12
B-i: 24, S: 6000000, R: 6000000, m_id:2, m_int: 6
cntApp2: 6
B-i: 25, S: 6500000, R: 6500000, m_id:1, m_int: 13
cntApp1: 13
B-i: 26, S: 7000000, R: 7000000, m_id:, m_int: 0
B-i: 27, S: 7000000, R: 7000000, m_id:1, m_int: 14
cntApp1: 14
B-i: 28, S: 7000000, R: 7000000, m_id:2, m_int: 7
cntApp2: 7
B-i: 29, S: 7500000, R: 7500000, m_id:1, m_int: 15
cntApp1: 15
B-i: 30, S: 8000000, R: 8000000, m_id:, m_int: 0
B-i: 31, S: 8000000, R: 8000000, m_id:1, m_int: 16
cntApp1: 16
B-i: 32, S: 8000000, R: 8000000, m_id:2, m_int: 8
cntApp2: 8
B-i: 33, S: 8500000, R: 8500000, m_id:1, m_int: 17
cntApp1: 17
(context::base::RuntimeControl) tearDown...
(context::base::RuntimeControl) done.
C1-i: 0, S: 1000000, R: 1000000
C1-i: 1, S: 2000000, R: 2000000
C1-i: 2, S: 3000000, R: 3000000
C1-i: 3, S: 4000000, R: 4000000
C1-i: 4, S: 5000000, R: 5000000
C1-i: 5, S: 6000000, R: 6000000
C1-i: 6, S: 7000000, R: 7000000
C1-i: 7, S: 8000000, R: 8000000
C1-i: 8, S: 9000000, R: 9000000
D1-i: 0, S: 1000000, R: 1000000
D1-i: 1, S: 2000000, R: 2000000
D1-i: 2, S: 3000000, R: 3000000
D1-i: 3, S: 4000000, R: 4000000
D1-i: 4, S: 5000000, R: 5000000
D1-i: 5, S: 6000000, R: 6000000
D1-i: 6, S: 7000000, R: 7000000
D1-i: 7, S: 8000000, R: 8000000
D1-i: 8, S: 9000000, R: 9000000
RuntimeControlContainerMultipleAppsTestModule cycles : 19
RuntimeControlContainerMultipleAppsTestModule cycles : 9
(context::base::RuntimeControl) setup...
(context::base::SuperComponent) Server information: IP: 127.0.0.1, Port: 19855
(context::base::SuperComponent) Creating discoverer server...
Creating multicast UDP receiver at 225.0.0.100:19750.
(context::base::SuperComponent) Creating connection server...
(context::base::SuperComponent) Creating ContainerConference...
Creating multicast UDP receiver at 225.0.0.100:12175.
(context::base::RuntimeControl) setup done.
(context::base::RuntimeControl) Taking control...
No runtime frequency set. Assuming a frequency of 1 Hz.
ControlledContainerConferenceForSystemUnderTest: 225.0.0.100:12175
(context::base::RuntimeControl) greatest common divisor: 1000ms.
------------------------------------------------------------------------------
Time 0.0
[SFC] at 0.0
Call to RuntimeControlContainerMultipleAppsTestSystemPartReply for t = 0.0, containing 0 containers.
Distributing 'Position' in ControlledContainerConferenceFactory to all ContainerConferences from Systems Under Test.
[...]
Command: "/home/msv/2013-mini-smart-vehicles/group-5/sources/OpenDaVINCI-msv/supercomponent/SupercomponentTestSuite"
Directory: /home/msv/2013-mini-smart-vehicles/group-5/sources/OpenDaVINCI-msv/supercomponent
"SupercomponentTestSuite" start time: Mar 22 20:55 CET
Output:
----------------------------------------------------------
Creating multicast UDP receiver at 225.0.0.100:19750.
No runtime frequency set. Assuming a frequency of 1 Hz.
Creating multicast UDP receiver at 225.0.0.100:12175.
Creating multicast UDP receiver at 225.0.0.100:19751.
(ClientModule) discovering supercomponent...
(ClientModule) discovering supercomponent...
(DMCP-DiscovererServer) responding to DMCP_DISCOVER
(DMCP-DiscovererServer) responding to DMCP_DISCOVER
(ClientModule) supercomponent found at IP: 10.0.2.15, Port: 19000
(ClientModule) connecting to supercomponent...
(DMCP-ConnectionClient) sending configuration request...IP: 10.0.2.15, Port: 19000
(DMCP-Client) Received Configuration
clientmoduletestservice.key3=value3
global.key1=value1

(ClientModule) connecting to supercomponent...done
Creating multicast UDP receiver at 225.0.0.100:19750.
No runtime frequency set. Assuming a frequency of 1 Hz.
Creating multicast UDP receiver at 225.0.0.100:12175.
Creating multicast UDP receiver at 225.0.0.100:19751.
(ClientModule) discovering supercomponent...
(ClientModule) discovering supercomponent...
(DMCP-DiscovererServer) responding to DMCP_DISCOVER
(DMCP-DiscovererServer) responding to DMCP_DISCOVER
(ClientModule) supercomponent found at IP: 10.0.2.15, Port: 19000
(ClientModule) connecting to supercomponent...
(DMCP-ConnectionClient) sending configuration request...IP: 10.0.2.15, Port: 19000
(DMCP-Client) Received Configuration
clientmoduletestservice.key3=value3
clientmoduletestservice.key4=value4
global.key1=value1

(ClientModule) connecting to supercomponent...done
Creating multicast UDP receiver at 225.0.0.100:19750.
No runtime frequency set. Assuming a frequency of 1 Hz.
Creating multicast UDP receiver at 225.0.0.100:12175.
Creating multicast UDP receiver at 225.0.0.100:19751.
(ClientModule) discovering supercomponent...
(DMCP-DiscovererServer) responding to DMCP_DISCOVER
(ClientModule) supercomponent found at IP: 10.0.2.15, Port: 19000
(ClientModule) connecting to supercomponent...
(DMCP-ConnectionClient) sending configuration request...IP: 10.0.2.15, Port: 19000
(DMCP-Client) Received Configuration
clientmoduletestservice.key3=value3
global.key1=value1

(ClientModule) connecting to supercomponent...done
Calling disposal service...
Cleaning up regular removal queue... done.
Cleaning up final removal queue... done.
Calling disposal service...
Cleaning up regular removal queue... done.
Cleaning up final removal queue... done.
Calling disposal service...
Cleaning up regular removal queue... done.
Cleaning up final removal queue... done.
<end of output>
Test time =  20.06 sec
----------------------------------------------------------
Test Passed.
"SupercomponentTestSuite" end time: Mar 22 20:55 CET
"SupercomponentTestSuite" time elapsed: 00:00:20
----------------------------------------------------------

3/10 Testing: RecorderTestSuite
3/10 Test: RecorderTestSuite
Command: "/home/msv/2013-mini-smart-vehicles/group-5/sources/OpenDaVINCI-msv/recorder/RecorderTestSuite"
Directory: /home/msv/2013-mini-smart-vehicles/group-5/sources/OpenDaVINCI-msv/recorder
"RecorderTestSuite" start time: Mar 22 20:55 CET
Output:
----------------------------------------------------------
Creating multicast UDP receiver at 225.0.0.100:12175.
Creating multicast UDP receiver at 225.0.0.100:19750.
No runtime frequency set. Assuming a frequency of 1 Hz.
Creating multicast UDP receiver at 225.0.0.100:12175.
Creating multicast UDP receiver at 225.0.0.100:19751.
(ClientModule) discovering supercomponent...
(ClientModule) discovering supercomponent...
(DMCP-DiscovererServer) responding to DMCP_DISCOVER
(DMCP-DiscovererServer) responding to DMCP_DISCOVER
(ClientModule) supercomponent found at IP: 10.0.2.15, Port: 19000
(ClientModule) connecting to supercomponent...
(DMCP-ConnectionClient) sending configuration request...IP: 10.0.2.15, Port: 19000
(DMCP-Client) Received Configuration
recorder.output=file://RecorderTest.rec
recorder.remotecontrol=0

(ClientModule) connecting to supercomponent...done
Clearing queue... done.
Creating multicast UDP receiver at 225.0.0.100:12175.
Creating multicast UDP receiver at 225.0.0.100:19750.
No runtime frequency set. Assuming a frequency of 1 Hz.
Creating multicast UDP receiver at 225.0.0.100:12175.
Creating multicast UDP receiver at 225.0.0.100:19751.
(ClientModule) discovering supercomponent...
(DMCP-DiscovererServer) responding to DMCP_DISCOVER
(ClientModule) supercomponent found at IP: 10.0.2.15, Port: 19000
(ClientModule) connecting to supercomponent...
(DMCP-ConnectionClient) sending configuration request...IP: 10.0.2.15, Port: 19000
(DMCP-Client) Received Configuration
recorder.output=file://RecorderTest2.rec
recorder.remotecontrol=1

(ClientModule) connecting to supercomponent...done
Clearing queue... done.
Calling disposal service...
Cleaning up regular removal queue... done.
Cleaning up final removal queue... done.
Calling disposal service...
Cleaning up regular removal queue... done.
Cleaning up final removal queue... done.
<end of output>
Test time =  13.05 sec
----------------------------------------------------------
Test Passed.
"RecorderTestSuite" end time: Mar 22 20:55 CET
"RecorderTestSuite" time elapsed: 00:00:13
----------------------------------------------------------

4/10 Testing: PlayerTestSuite
4/10 Test: PlayerTestSuite
Command: "/home/msv/2013-mini-smart-vehicles/group-5/sources/OpenDaVINCI-msv/player/PlayerTestSuite"
Directory: /home/msv/2013-mini-smart-vehicles/group-5/sources/OpenDaVINCI-msv/player
"PlayerTestSuite" start time: Mar 22 20:55 CET
Output:
----------------------------------------------------------
Creating multicast UDP receiver at 225.0.0.100:12175.
Creating multicast UDP receiver at 225.0.0.100:19750.
No runtime frequency set. Assuming a frequency of 1 Hz.
Creating multicast UDP receiver at 225.0.0.100:12175.
Creating multicast UDP receiver at 225.0.0.100:19751.
(ClientModule) discovering supercomponent...
(ClientModule) discovering supercomponent...
(DMCP-DiscovererServer) responding to DMCP_DISCOVER
(DMCP-DiscovererServer) responding to DMCP_DISCOVER
(ClientModule) supercomponent found at IP: 10.0.2.15, Port: 19000
(ClientModule) connecting to supercomponent...
(DMCP-ConnectionClient) sending configuration request...IP: 10.0.2.15, Port: 19000
(DMCP-Client) Received Configuration
player.autorewind=0
player.input=file://PlayerTest.rec
player.remotecontrol=0
player.sizeofcache=3
player.timescale=1.0

(ClientModule) connecting to supercomponent...done
SENT (delay was 1000001 us): 0s/1us.
SENT (delay was 1000001 us): 1s/2us.
PlayerCache: No more data to cache.
SENT (delay was 1000001 us): 2s/3us.
SENT (delay was 1000001 us): 3s/4us.
SENT (delay was 1000001 us): 4s/5us.
SENT (delay was 1000001 us): 4s/5us.
SENT (delay was 1000001 us): 4s/5us.
SENT (delay was 1000001 us): 4s/5us.
testRealtimeReplayNoRewind - 1: 1 == 1: 1
testRealtimeReplayNoRewind - 2: 1000002 == 1000002: 1
testRealtimeReplayNoRewind - 3: 2000003 == 2000003: 1
testRealtimeReplayNoRewind - 4: 3000004 == 3000004: 1
testRealtimeReplayNoRewind - 5: 4000005 == 4000005: 1
Creating multicast UDP receiver at 225.0.0.100:12175.
Creating multicast UDP receiver at 225.0.0.100:19750.
No runtime frequency set. Assuming a frequency of 1 Hz.
Creating multicast UDP receiver at 225.0.0.100:12175.
Creating multicast UDP receiver at 225.0.0.100:19751.
(ClientModule) discovering supercomponent...
(DMCP-DiscovererServer) responding to DMCP_DISCOVER
(ClientModule) supercomponent found at IP: 10.0.2.15, Port: 19000
(ClientModule) connecting to supercomponent...
(DMCP-ConnectionClient) sending configuration request...IP: 10.0.2.15, Port: 19000
(DMCP-Client) Received Configuration
player.autorewind=0
player.input=file://PlayerTest.rec
player.remotecontrol=0
player.sizeofcache=3
player.timescale=0.5

(ClientModule) connecting to supercomponent...done
SENT (delay was 500000 us): 0s/0us.
SENT (delay was 500000 us): 1s/0us.
PlayerCache: No more data to cache.
SENT (delay was 500000 us): 2s/0us.
SENT (delay was 500000 us): 3s/0us.
SENT (delay was 500000 us): 4s/0us.
SENT (delay was 500000 us): 4s/0us.
SENT (delay was 500000 us): 4s/0us.
SENT (delay was 500000 us): 4s/0us.
SENT (delay was 500000 us): 4s/0us.
testDoubleRealtimeReplayNoRewind - 1: 0 == 0: 1
testDoubleRealtimeReplayNoRewind - 2: 1000000 == 1000000: 1
testDoubleRealtimeReplayNoRewind - 3: 2000000 == 2000000: 1
testDoubleRealtimeReplayNoRewind - 4: 3000000 == 3000000: 1
testDoubleRealtimeReplayNoRewind - 5: 4000000 == 4000000: 1
Creating multicast UDP receiver at 225.0.0.100:12175.
Creating multicast UDP receiver at 225.0.0.100:19750.
No runtime frequency set. Assuming a frequency of 1 Hz.
Creating multicast UDP receiver at 225.0.0.100:12175.
Creating multicast UDP receiver at 225.0.0.100:19751.
(ClientModule) discovering supercomponent...
(ClientModule) discovering supercomponent...
(DMCP-DiscovererServer) responding to DMCP_DISCOVER
(DMCP-DiscovererServer) responding to DMCP_DISCOVER
(ClientModule) supercomponent found at IP: 10.0.2.15, Port: 19000
(ClientModule) connecting to supercomponent...
(DMCP-ConnectionClient) sending configuration request...IP: 10.0.2.15, Port: 19000
(DMCP-Client) Received Configuration
player.autorewind=0
player.input=file://PlayerTest.rec
player.remotecontrol=0
player.sizeofcache=3
player.timescale=2.0

(ClientModule) connecting to supercomponent...done
SENT (delay was 2000000 us): 0s/0us.
SENT (delay was 2000000 us): 1s/0us.
PlayerCache: No more data to cache.
SENT (delay was 2000000 us): 2s/0us.
SENT (delay was 2000000 us): 3s/0us.
SENT (delay was 2000000 us): 4s/0us.
SENT (delay was 2000000 us): 4s/0us.
testHalfRealtimeReplayNoRewind - 1: 0 == 0: 1
testHalfRealtimeReplayNoRewind - 2: 1000000 == 1000000: 1
testHalfRealtimeReplayNoRewind - 3: 2000000 == 2000000: 1
testHalfRealtimeReplayNoRewind - 4: 3000000 == 3000000: 1
testHalfRealtimeReplayNoRewind - 5: 4000000 == 4000000: 1
Creating multicast UDP receiver at 225.0.0.100:12175.
Creating multicast UDP receiver at 225.0.0.100:19750.
No runtime frequency set. Assuming a frequency of 1 Hz.
Creating multicast UDP receiver at 225.0.0.100:12175.
Creating multicast UDP receiver at 225.0.0.100:19751.
(ClientModule) discovering supercomponent...
(DMCP-DiscovererServer) responding to DMCP_DISCOVER
(ClientModule) supercomponent found at IP: 10.0.2.15, Port: 19000
(ClientModule) connecting to supercomponent...
(DMCP-ConnectionClient) sending configuration request...IP: 10.0.2.15, Port: 19000
(DMCP-Client) Received Configuration
player.autorewind=1
player.input=file://PlayerTest.rec
player.remotecontrol=0
player.sizeofcache=3
player.timescale=1.0

(ClientModule) connecting to supercomponent...done
SENT (delay was 1000001 us): 0s/1us.
SENT (delay was 1000001 us): 1s/2us.
SENT (delay was 1000001 us): 2s/3us.
SENT (delay was 1000001 us): 3s/4us.
SENT (delay was 1000001 us): 4s/5us.
SENT (delay was 1000001 us): 4s/5us.
SENT (delay was 1000001 us): 0s/1us.
SENT (delay was 1000001 us): 1s/2us.
SENT (delay was 1000001 us): 2s/3us.
SENT (delay was 1000001 us): 3s/4us.
SENT (delay was 1000001 us): 4s/5us.
SENT (delay was 1000001 us): 4s/5us.
SENT (delay was 1000001 us): 0s/1us.
SENT (delay was 1000001 us): 1s/2us.
SENT (delay was 1000001 us): 2s/3us.
SENT (delay was 1000001 us): 3s/4us.
PlayerCache: No more data to cache.
testRealtimeReplayAutoRewind - 1: 1 == 1: 1
testRealtimeReplayAutoRewind - 2: 1000002 == 1000002: 1
testRealtimeReplayAutoRewind - 3: 2000003 == 2000003: 1
testRealtimeReplayAutoRewind - 4: 3000004 == 3000004: 1
testRealtimeReplayAutoRewind - 5: 4000005 == 4000005: 1
testRealtimeReplayAutoRewind - 1: 1 == 1: 1
testRealtimeReplayAutoRewind - 2: 1000002 == 1000002: 1
testRealtimeReplayAutoRewind - 3: 2000003 == 2000003: 1
testRealtimeReplayAutoRewind - 4: 3000004 == 3000004: 1
testRealtimeReplayAutoRewind - 5: 4000005 == 4000005: 1
Creating multicast UDP receiver at 225.0.0.100:12175.
Creating multicast UDP receiver at 225.0.0.100:19750.
No runtime frequency set. Assuming a frequency of 1 Hz.
Creating multicast UDP receiver at 225.0.0.100:12175.
Creating multicast UDP receiver at 225.0.0.100:19751.
(ClientModule) discovering supercomponent...
(ClientModule) discovering supercomponent...
(DMCP-DiscovererServer) responding to DMCP_DISCOVER
(DMCP-DiscovererServer) responding to DMCP_DISCOVER
(ClientModule) supercomponent found at IP: 10.0.2.15, Port: 19000
(ClientModule) connecting to supercomponent...
(DMCP-ConnectionClient) sending configuration request...IP: 10.0.2.15, Port: 19000
(DMCP-Client) Received Configuration
player.autorewind=0
player.input=file://PlayerTest.rec
player.remotecontrol=1
player.sizeofcache=3
player.timescale=1.0

(ClientModule) connecting to supercomponent...done
Player: Play.
SENT (delay was 1000001 us): 0s/1us.
Player: Pause.
Player: Rewind.
Player: Play.
SENT (delay was 1000001 us): 0s/1us.
Player: Pause.
Player: Play.
SENT (delay was 1000001 us): 1s/2us.
PlayerCache: No more data to cache.
Player: Pause.
Player: Step forward.
SENT (delay was 1000001 us): 2s/3us.
Player: Step forward.
SENT (delay was 1000001 us): 3s/4us.
Calling disposal service...
Cleaning up regular removal queue... done.
Cleaning up final removal queue... done.
Calling disposal service...
Cleaning up regular removal queue... done.
Cleaning up final removal queue... done.
Calling disposal service...
Cleaning up regular removal queue... done.
Cleaning up final removal queue... done.
Calling disposal service...
Cleaning up regular removal queue... done.
Cleaning up final removal queue... done.
Calling disposal service...
Cleaning up regular removal queue... done.
Cleaning up final removal queue... done.
<end of output>
Test time =  68.12 sec
----------------------------------------------------------
Test Passed.
"PlayerTestSuite" end time: Mar 22 20:56 CET
"PlayerTestSuite" time elapsed: 00:01:08
----------------------------------------------------------

5/10 Testing: SpyTestSuite
5/10 Test: SpyTestSuite
Command: "/home/msv/2013-mini-smart-vehicles/group-5/sources/OpenDaVINCI-msv/spy/SpyTestSuite"
Directory: /home/msv/2013-mini-smart-vehicles/group-5/sources/OpenDaVINCI-msv/spy
"SpyTestSuite" start time: Mar 22 20:56 CET
Output:
----------------------------------------------------------
No runtime frequency set. Assuming a frequency of 1 Hz.
Creating multicast UDP receiver at 225.0.0.100:12175.
Calling disposal service...
Cleaning up regular removal queue... done.
Cleaning up final removal queue... done.
<end of output>
Test time =   0.00 sec
----------------------------------------------------------
Test Passed.
"SpyTestSuite" end time: Mar 22 20:56 CET
"SpyTestSuite" time elapsed: 00:00:00
----------------------------------------------------------

6/10 Testing: cockpitTestSuite
6/10 Test: cockpitTestSuite
Command: "/home/msv/2013-mini-smart-vehicles/group-5/sources/OpenDaVINCI-msv/cockpit/cockpitTestSuite"
Directory: /home/msv/2013-mini-smart-vehicles/group-5/sources/OpenDaVINCI-msv/cockpit
"cockpitTestSuite" start time: Mar 22 20:56 CET
Output:
----------------------------------------------------------
No runtime frequency set. Assuming a frequency of 1 Hz.
Creating multicast UDP receiver at 225.0.0.100:12175.

(cockpitTestSuite:7064): Gtk-WARNING **: Unable to locate theme engine in module_path: "pixmap",

(cockpitTestSuite:7064): Gtk-WARNING **: Unable to locate theme engine in module_path: "pixmap",

(cockpitTestSuite:7064): Gtk-WARNING **: Unable to locate theme engine in module_path: "pixmap",

(cockpitTestSuite:7064): Gtk-WARNING **: Unable to locate theme engine in module_path: "pixmap",
Calling disposal service...
Cleaning up regular removal queue... done.
Cleaning up final removal queue... done.
<end of output>
Test time =   0.64 sec
----------------------------------------------------------
Test Passed.
"cockpitTestSuite" end time: Mar 22 20:56 CET
"cockpitTestSuite" time elapsed: 00:00:00
----------------------------------------------------------

7/10 Testing: msv-dataTestSuite
7/10 Test: msv-dataTestSuite
Command: "/home/msv/2013-mini-smart-vehicles/group-5/sources/OpenDaVINCI-msv/msv/msv-data/msv-dataTestSuite"
Directory: /home/msv/2013-mini-smart-vehicles/group-5/sources/OpenDaVINCI-msv/msv/msv-data
"msv-dataTestSuite" start time: Mar 22 20:56 CET
Output:
----------------------------------------------------------
<end of output>
Test time =   0.01 sec
----------------------------------------------------------
Test Passed.
"msv-dataTestSuite" end time: Mar 22 20:56 CET
"msv-dataTestSuite" time elapsed: 00:00:00
----------------------------------------------------------

8/10 Testing: lanedetectorTestSuite
8/10 Test: lanedetectorTestSuite
Command: "/home/msv/2013-mini-smart-vehicles/group-5/sources/OpenDaVINCI-msv/msv/lanedetector/lanedetectorTestSuite"
Directory: /home/msv/2013-mini-smart-vehicles/group-5/sources/OpenDaVINCI-msv/msv/lanedetector
"lanedetectorTestSuite" start time: Mar 22 20:56 CET
Output:
----------------------------------------------------------
No runtime frequency set. Assuming a frequency of 1 Hz.
Creating multicast UDP receiver at 225.0.0.100:12175.
No runtime frequency set. Assuming a frequency of 1 Hz.
Creating multicast UDP receiver at 225.0.0.100:12175.
No runtime frequency set. Assuming a frequency of 1 Hz.
Creating multicast UDP receiver at 225.0.0.100:12175.
Shared memory could not be created.
Calling disposal service...
Cleaning up regular removal queue... done.
Cleaning up final removal queue... done.
Calling disposal service...
Cleaning up regular removal queue... done.
Cleaning up final removal queue... done.
Calling disposal service...
Cleaning up regular removal queue... done.
Cleaning up final removal queue... done.
<end of output>
Test time =   0.61 sec
----------------------------------------------------------
Test Passed.
"lanedetectorTestSuite" end time: Mar 22 20:56 CET
"lanedetectorTestSuite" time elapsed: 00:00:00
----------------------------------------------------------

9/10 Testing: driverTestSuite
9/10 Test: driverTestSuite
Command: "/home/msv/2013-mini-smart-vehicles/group-5/sources/OpenDaVINCI-msv/msv/driver/driverTestSuite"
Directory: /home/msv/2013-mini-smart-vehicles/group-5/sources/OpenDaVINCI-msv/msv/driver
"driverTestSuite" start time: Mar 22 20:56 CET
Output:
----------------------------------------------------------
No runtime frequency set. Assuming a frequency of 1 Hz.
Creating multicast UDP receiver at 225.0.0.100:12175.
Calling disposal service...
Cleaning up regular removal queue... done.
Cleaning up final removal queue... done.
<end of output>
Test time =   0.00 sec
----------------------------------------------------------
Test Passed.
"driverTestSuite" end time: Mar 22 20:56 CET
"driverTestSuite" time elapsed: 00:00:00
----------------------------------------------------------

10/10 Testing: proxyTestSuite
10/10 Test: proxyTestSuite
Command: "/home/msv/2013-mini-smart-vehicles/group-5/sources/OpenDaVINCI-msv/msv/proxy/proxyTestSuite"
Directory: /home/msv/2013-mini-smart-vehicles/group-5/sources/OpenDaVINCI-msv/msv/proxy
"proxyTestSuite" start time: Mar 22 20:56 CET
Output:
----------------------------------------------------------
No runtime frequency set. Assuming a frequency of 1 Hz.
Creating multicast UDP receiver at 225.0.0.100:12175.
Calling disposal service...
Cleaning up regular removal queue... done.
Cleaning up final removal queue... done.
<end of output>
Test time =   0.01 sec
----------------------------------------------------------
Test Passed.
"proxyTestSuite" end time: Mar 22 20:56 CET
"proxyTestSuite" time elapsed: 00:00:00
----------------------------------------------------------

End testing: Mar 22 20:56 CET
